ARM GAS  /tmp/ccKnmUat.s 			page 1


   1              		.cpu cortex-m4
   2              		.eabi_attribute 27, 1
   3              		.eabi_attribute 28, 1
   4              		.eabi_attribute 20, 1
   5              		.eabi_attribute 21, 1
   6              		.eabi_attribute 23, 3
   7              		.eabi_attribute 24, 1
   8              		.eabi_attribute 25, 1
   9              		.eabi_attribute 26, 1
  10              		.eabi_attribute 30, 2
  11              		.eabi_attribute 34, 1
  12              		.eabi_attribute 18, 4
  13              		.file	"stm32f4xx_hal_pwr_ex.c"
  14              		.text
  15              		.section	.text.HAL_PWREx_EnableBkUpReg,"ax",%progbits
  16              		.align	1
  17              		.p2align 2,,3
  18              		.global	HAL_PWREx_EnableBkUpReg
  19              		.arch armv7e-m
  20              		.syntax unified
  21              		.thumb
  22              		.thumb_func
  23              		.fpu fpv4-sp-d16
  25              	HAL_PWREx_EnableBkUpReg:
  26              		@ args = 0, pretend = 0, frame = 0
  27              		@ frame_needed = 0, uses_anonymous_args = 0
  28 0000 38B5     		push	{r3, r4, r5, lr}
  29 0002 0B4B     		ldr	r3, .L8
  30 0004 0B4D     		ldr	r5, .L8+4
  31 0006 0122     		movs	r2, #1
  32 0008 C3F8A420 		str	r2, [r3, #164]
  33 000c FFF7FEFF 		bl	HAL_GetTick
  34 0010 0446     		mov	r4, r0
  35 0012 05E0     		b	.L2
  36              	.L4:
  37 0014 FFF7FEFF 		bl	HAL_GetTick
  38 0018 001B     		subs	r0, r0, r4
  39 001a B0F57A7F 		cmp	r0, #1000
  40 001e 04D8     		bhi	.L5
  41              	.L2:
  42 0020 6B68     		ldr	r3, [r5, #4]
  43 0022 1B07     		lsls	r3, r3, #28
  44 0024 F6D5     		bpl	.L4
  45 0026 0020     		movs	r0, #0
  46 0028 38BD     		pop	{r3, r4, r5, pc}
  47              	.L5:
  48 002a 0320     		movs	r0, #3
  49 002c 38BD     		pop	{r3, r4, r5, pc}
  50              	.L9:
  51 002e 00BF     		.align	2
  52              	.L8:
  53 0030 00000E42 		.word	1108213760
  54 0034 00700040 		.word	1073770496
  56              		.section	.text.HAL_PWREx_DisableBkUpReg,"ax",%progbits
  57              		.align	1
  58              		.p2align 2,,3
  59              		.global	HAL_PWREx_DisableBkUpReg
ARM GAS  /tmp/ccKnmUat.s 			page 2


  60              		.syntax unified
  61              		.thumb
  62              		.thumb_func
  63              		.fpu fpv4-sp-d16
  65              	HAL_PWREx_DisableBkUpReg:
  66              		@ args = 0, pretend = 0, frame = 0
  67              		@ frame_needed = 0, uses_anonymous_args = 0
  68 0000 38B5     		push	{r3, r4, r5, lr}
  69 0002 0B4B     		ldr	r3, .L16
  70 0004 0B4D     		ldr	r5, .L16+4
  71 0006 0022     		movs	r2, #0
  72 0008 C3F8A420 		str	r2, [r3, #164]
  73 000c FFF7FEFF 		bl	HAL_GetTick
  74 0010 0446     		mov	r4, r0
  75 0012 05E0     		b	.L11
  76              	.L13:
  77 0014 FFF7FEFF 		bl	HAL_GetTick
  78 0018 001B     		subs	r0, r0, r4
  79 001a B0F57A7F 		cmp	r0, #1000
  80 001e 05D8     		bhi	.L14
  81              	.L11:
  82 0020 6B68     		ldr	r3, [r5, #4]
  83 0022 13F00803 		ands	r3, r3, #8
  84 0026 F5D1     		bne	.L13
  85 0028 1846     		mov	r0, r3
  86 002a 38BD     		pop	{r3, r4, r5, pc}
  87              	.L14:
  88 002c 0320     		movs	r0, #3
  89 002e 38BD     		pop	{r3, r4, r5, pc}
  90              	.L17:
  91              		.align	2
  92              	.L16:
  93 0030 00000E42 		.word	1108213760
  94 0034 00700040 		.word	1073770496
  96              		.section	.text.HAL_PWREx_EnableFlashPowerDown,"ax",%progbits
  97              		.align	1
  98              		.p2align 2,,3
  99              		.global	HAL_PWREx_EnableFlashPowerDown
 100              		.syntax unified
 101              		.thumb
 102              		.thumb_func
 103              		.fpu fpv4-sp-d16
 105              	HAL_PWREx_EnableFlashPowerDown:
 106              		@ args = 0, pretend = 0, frame = 0
 107              		@ frame_needed = 0, uses_anonymous_args = 0
 108              		@ link register save eliminated.
 109 0000 014B     		ldr	r3, .L19
 110 0002 0122     		movs	r2, #1
 111 0004 5A62     		str	r2, [r3, #36]
 112 0006 7047     		bx	lr
 113              	.L20:
 114              		.align	2
 115              	.L19:
 116 0008 00000E42 		.word	1108213760
 118              		.section	.text.HAL_PWREx_DisableFlashPowerDown,"ax",%progbits
 119              		.align	1
 120              		.p2align 2,,3
ARM GAS  /tmp/ccKnmUat.s 			page 3


 121              		.global	HAL_PWREx_DisableFlashPowerDown
 122              		.syntax unified
 123              		.thumb
 124              		.thumb_func
 125              		.fpu fpv4-sp-d16
 127              	HAL_PWREx_DisableFlashPowerDown:
 128              		@ args = 0, pretend = 0, frame = 0
 129              		@ frame_needed = 0, uses_anonymous_args = 0
 130              		@ link register save eliminated.
 131 0000 014B     		ldr	r3, .L22
 132 0002 0022     		movs	r2, #0
 133 0004 5A62     		str	r2, [r3, #36]
 134 0006 7047     		bx	lr
 135              	.L23:
 136              		.align	2
 137              	.L22:
 138 0008 00000E42 		.word	1108213760
 140              		.section	.text.HAL_PWREx_GetVoltageRange,"ax",%progbits
 141              		.align	1
 142              		.p2align 2,,3
 143              		.global	HAL_PWREx_GetVoltageRange
 144              		.syntax unified
 145              		.thumb
 146              		.thumb_func
 147              		.fpu fpv4-sp-d16
 149              	HAL_PWREx_GetVoltageRange:
 150              		@ args = 0, pretend = 0, frame = 0
 151              		@ frame_needed = 0, uses_anonymous_args = 0
 152              		@ link register save eliminated.
 153 0000 024B     		ldr	r3, .L25
 154 0002 1868     		ldr	r0, [r3]
 155 0004 00F44040 		and	r0, r0, #49152
 156 0008 7047     		bx	lr
 157              	.L26:
 158 000a 00BF     		.align	2
 159              	.L25:
 160 000c 00700040 		.word	1073770496
 162              		.section	.rodata.HAL_PWREx_ControlVoltageScaling.str1.4,"aMS",%progbits,1
 163              		.align	2
 164              	.LC0:
 165 0000 64726976 		.ascii	"drivers/STM32F4xx_HAL_Driver/Src/stm32f4xx_hal_pwr_"
 165      6572732F 
 165      53544D33 
 165      32463478 
 165      785F4841 
 166 0033 65782E63 		.ascii	"ex.c\000"
 166      00
 167              		.section	.text.HAL_PWREx_ControlVoltageScaling,"ax",%progbits
 168              		.align	1
 169              		.p2align 2,,3
 170              		.global	HAL_PWREx_ControlVoltageScaling
 171              		.syntax unified
 172              		.thumb
 173              		.thumb_func
 174              		.fpu fpv4-sp-d16
 176              	HAL_PWREx_ControlVoltageScaling:
 177              		@ args = 0, pretend = 0, frame = 8
ARM GAS  /tmp/ccKnmUat.s 			page 4


 178              		@ frame_needed = 0, uses_anonymous_args = 0
 179 0000 70B5     		push	{r4, r5, r6, lr}
 180 0002 B0F5004F 		cmp	r0, #32768
 181 0006 82B0     		sub	sp, sp, #8
 182 0008 0646     		mov	r6, r0
 183 000a 04D0     		beq	.L28
 184 000c 20F40043 		bic	r3, r0, #32768
 185 0010 B3F5804F 		cmp	r3, #16384
 186 0014 4ED1     		bne	.L46
 187              	.L28:
 188 0016 2C4C     		ldr	r4, .L47
 189 0018 0022     		movs	r2, #0
 190 001a 0092     		str	r2, [sp]
 191 001c 236C     		ldr	r3, [r4, #64]
 192 001e 43F08053 		orr	r3, r3, #268435456
 193 0022 2364     		str	r3, [r4, #64]
 194 0024 236C     		ldr	r3, [r4, #64]
 195 0026 03F08053 		and	r3, r3, #268435456
 196 002a 0093     		str	r3, [sp]
 197 002c 009B     		ldr	r3, [sp]
 198 002e A368     		ldr	r3, [r4, #8]
 199 0030 03F00C03 		and	r3, r3, #12
 200 0034 082B     		cmp	r3, #8
 201 0036 43D0     		beq	.L37
 202 0038 244B     		ldr	r3, .L47+4
 203 003a 1A66     		str	r2, [r3, #96]
 204 003c FFF7FEFF 		bl	HAL_GetTick
 205 0040 0546     		mov	r5, r0
 206 0042 04E0     		b	.L30
 207              	.L31:
 208 0044 FFF7FEFF 		bl	HAL_GetTick
 209 0048 431B     		subs	r3, r0, r5
 210 004a 022B     		cmp	r3, #2
 211 004c 2FD8     		bhi	.L33
 212              	.L30:
 213 004e 2368     		ldr	r3, [r4]
 214 0050 13F00073 		ands	r3, r3, #33554432
 215 0054 F6D1     		bne	.L31
 216 0056 1E4A     		ldr	r2, .L47+8
 217 0058 0193     		str	r3, [sp, #4]
 218 005a 1368     		ldr	r3, [r2]
 219 005c 1B49     		ldr	r1, .L47+4
 220 005e 1A4D     		ldr	r5, .L47
 221 0060 23F44043 		bic	r3, r3, #49152
 222 0064 1E43     		orrs	r6, r6, r3
 223 0066 1660     		str	r6, [r2]
 224 0068 1368     		ldr	r3, [r2]
 225 006a 03F44043 		and	r3, r3, #49152
 226 006e 0193     		str	r3, [sp, #4]
 227 0070 0122     		movs	r2, #1
 228 0072 019B     		ldr	r3, [sp, #4]
 229 0074 0A66     		str	r2, [r1, #96]
 230 0076 FFF7FEFF 		bl	HAL_GetTick
 231 007a 0446     		mov	r4, r0
 232 007c 04E0     		b	.L32
 233              	.L34:
 234 007e FFF7FEFF 		bl	HAL_GetTick
ARM GAS  /tmp/ccKnmUat.s 			page 5


 235 0082 001B     		subs	r0, r0, r4
 236 0084 0228     		cmp	r0, #2
 237 0086 12D8     		bhi	.L33
 238              	.L32:
 239 0088 2B68     		ldr	r3, [r5]
 240 008a 9A01     		lsls	r2, r3, #6
 241 008c F7D5     		bpl	.L34
 242 008e FFF7FEFF 		bl	HAL_GetTick
 243 0092 0F4D     		ldr	r5, .L47+8
 244 0094 0446     		mov	r4, r0
 245 0096 05E0     		b	.L35
 246              	.L36:
 247 0098 FFF7FEFF 		bl	HAL_GetTick
 248 009c 001B     		subs	r0, r0, r4
 249 009e B0F57A7F 		cmp	r0, #1000
 250 00a2 04D8     		bhi	.L33
 251              	.L35:
 252 00a4 6B68     		ldr	r3, [r5, #4]
 253 00a6 5B04     		lsls	r3, r3, #17
 254 00a8 F6D5     		bpl	.L36
 255 00aa 0020     		movs	r0, #0
 256 00ac 00E0     		b	.L29
 257              	.L33:
 258 00ae 0320     		movs	r0, #3
 259              	.L29:
 260 00b0 02B0     		add	sp, sp, #8
 261              		@ sp needed
 262 00b2 70BD     		pop	{r4, r5, r6, pc}
 263              	.L46:
 264 00b4 0748     		ldr	r0, .L47+12
 265 00b6 4FF49371 		mov	r1, #294
 266 00ba FFF7FEFF 		bl	assert_failed
 267 00be AAE7     		b	.L28
 268              	.L37:
 269 00c0 0120     		movs	r0, #1
 270 00c2 02B0     		add	sp, sp, #8
 271              		@ sp needed
 272 00c4 70BD     		pop	{r4, r5, r6, pc}
 273              	.L48:
 274 00c6 00BF     		.align	2
 275              	.L47:
 276 00c8 00380240 		.word	1073887232
 277 00cc 00004742 		.word	1111949312
 278 00d0 00700040 		.word	1073770496
 279 00d4 00000000 		.word	.LC0
 281              		.section	.text.HAL_PWREx_EnableMainRegulatorLowVoltage,"ax",%progbits
 282              		.align	1
 283              		.p2align 2,,3
 284              		.global	HAL_PWREx_EnableMainRegulatorLowVoltage
 285              		.syntax unified
 286              		.thumb
 287              		.thumb_func
 288              		.fpu fpv4-sp-d16
 290              	HAL_PWREx_EnableMainRegulatorLowVoltage:
 291              		@ args = 0, pretend = 0, frame = 0
 292              		@ frame_needed = 0, uses_anonymous_args = 0
 293              		@ link register save eliminated.
ARM GAS  /tmp/ccKnmUat.s 			page 6


 294 0000 014B     		ldr	r3, .L50
 295 0002 0122     		movs	r2, #1
 296 0004 DA62     		str	r2, [r3, #44]
 297 0006 7047     		bx	lr
 298              	.L51:
 299              		.align	2
 300              	.L50:
 301 0008 00000E42 		.word	1108213760
 303              		.section	.text.HAL_PWREx_DisableMainRegulatorLowVoltage,"ax",%progbits
 304              		.align	1
 305              		.p2align 2,,3
 306              		.global	HAL_PWREx_DisableMainRegulatorLowVoltage
 307              		.syntax unified
 308              		.thumb
 309              		.thumb_func
 310              		.fpu fpv4-sp-d16
 312              	HAL_PWREx_DisableMainRegulatorLowVoltage:
 313              		@ args = 0, pretend = 0, frame = 0
 314              		@ frame_needed = 0, uses_anonymous_args = 0
 315              		@ link register save eliminated.
 316 0000 014B     		ldr	r3, .L53
 317 0002 0022     		movs	r2, #0
 318 0004 DA62     		str	r2, [r3, #44]
 319 0006 7047     		bx	lr
 320              	.L54:
 321              		.align	2
 322              	.L53:
 323 0008 00000E42 		.word	1108213760
 325              		.section	.text.HAL_PWREx_EnableLowRegulatorLowVoltage,"ax",%progbits
 326              		.align	1
 327              		.p2align 2,,3
 328              		.global	HAL_PWREx_EnableLowRegulatorLowVoltage
 329              		.syntax unified
 330              		.thumb
 331              		.thumb_func
 332              		.fpu fpv4-sp-d16
 334              	HAL_PWREx_EnableLowRegulatorLowVoltage:
 335              		@ args = 0, pretend = 0, frame = 0
 336              		@ frame_needed = 0, uses_anonymous_args = 0
 337              		@ link register save eliminated.
 338 0000 014B     		ldr	r3, .L56
 339 0002 0122     		movs	r2, #1
 340 0004 9A62     		str	r2, [r3, #40]
 341 0006 7047     		bx	lr
 342              	.L57:
 343              		.align	2
 344              	.L56:
 345 0008 00000E42 		.word	1108213760
 347              		.section	.text.HAL_PWREx_DisableLowRegulatorLowVoltage,"ax",%progbits
 348              		.align	1
 349              		.p2align 2,,3
 350              		.global	HAL_PWREx_DisableLowRegulatorLowVoltage
 351              		.syntax unified
 352              		.thumb
 353              		.thumb_func
 354              		.fpu fpv4-sp-d16
 356              	HAL_PWREx_DisableLowRegulatorLowVoltage:
ARM GAS  /tmp/ccKnmUat.s 			page 7


 357              		@ args = 0, pretend = 0, frame = 0
 358              		@ frame_needed = 0, uses_anonymous_args = 0
 359              		@ link register save eliminated.
 360 0000 014B     		ldr	r3, .L59
 361 0002 0022     		movs	r2, #0
 362 0004 9A62     		str	r2, [r3, #40]
 363 0006 7047     		bx	lr
 364              	.L60:
 365              		.align	2
 366              	.L59:
 367 0008 00000E42 		.word	1108213760
 369              		.ident	"GCC: (15:10.3-2021.07-4) 10.3.1 20210621 (release)"
ARM GAS  /tmp/ccKnmUat.s 			page 8


DEFINED SYMBOLS
                            *ABS*:0000000000000000 stm32f4xx_hal_pwr_ex.c
     /tmp/ccKnmUat.s:16     .text.HAL_PWREx_EnableBkUpReg:0000000000000000 $t
     /tmp/ccKnmUat.s:25     .text.HAL_PWREx_EnableBkUpReg:0000000000000000 HAL_PWREx_EnableBkUpReg
     /tmp/ccKnmUat.s:53     .text.HAL_PWREx_EnableBkUpReg:0000000000000030 $d
     /tmp/ccKnmUat.s:57     .text.HAL_PWREx_DisableBkUpReg:0000000000000000 $t
     /tmp/ccKnmUat.s:65     .text.HAL_PWREx_DisableBkUpReg:0000000000000000 HAL_PWREx_DisableBkUpReg
     /tmp/ccKnmUat.s:93     .text.HAL_PWREx_DisableBkUpReg:0000000000000030 $d
     /tmp/ccKnmUat.s:97     .text.HAL_PWREx_EnableFlashPowerDown:0000000000000000 $t
     /tmp/ccKnmUat.s:105    .text.HAL_PWREx_EnableFlashPowerDown:0000000000000000 HAL_PWREx_EnableFlashPowerDown
     /tmp/ccKnmUat.s:116    .text.HAL_PWREx_EnableFlashPowerDown:0000000000000008 $d
     /tmp/ccKnmUat.s:119    .text.HAL_PWREx_DisableFlashPowerDown:0000000000000000 $t
     /tmp/ccKnmUat.s:127    .text.HAL_PWREx_DisableFlashPowerDown:0000000000000000 HAL_PWREx_DisableFlashPowerDown
     /tmp/ccKnmUat.s:138    .text.HAL_PWREx_DisableFlashPowerDown:0000000000000008 $d
     /tmp/ccKnmUat.s:141    .text.HAL_PWREx_GetVoltageRange:0000000000000000 $t
     /tmp/ccKnmUat.s:149    .text.HAL_PWREx_GetVoltageRange:0000000000000000 HAL_PWREx_GetVoltageRange
     /tmp/ccKnmUat.s:160    .text.HAL_PWREx_GetVoltageRange:000000000000000c $d
     /tmp/ccKnmUat.s:163    .rodata.HAL_PWREx_ControlVoltageScaling.str1.4:0000000000000000 $d
     /tmp/ccKnmUat.s:168    .text.HAL_PWREx_ControlVoltageScaling:0000000000000000 $t
     /tmp/ccKnmUat.s:176    .text.HAL_PWREx_ControlVoltageScaling:0000000000000000 HAL_PWREx_ControlVoltageScaling
     /tmp/ccKnmUat.s:276    .text.HAL_PWREx_ControlVoltageScaling:00000000000000c8 $d
     /tmp/ccKnmUat.s:282    .text.HAL_PWREx_EnableMainRegulatorLowVoltage:0000000000000000 $t
     /tmp/ccKnmUat.s:290    .text.HAL_PWREx_EnableMainRegulatorLowVoltage:0000000000000000 HAL_PWREx_EnableMainRegulatorLowVoltage
     /tmp/ccKnmUat.s:301    .text.HAL_PWREx_EnableMainRegulatorLowVoltage:0000000000000008 $d
     /tmp/ccKnmUat.s:304    .text.HAL_PWREx_DisableMainRegulatorLowVoltage:0000000000000000 $t
     /tmp/ccKnmUat.s:312    .text.HAL_PWREx_DisableMainRegulatorLowVoltage:0000000000000000 HAL_PWREx_DisableMainRegulatorLowVoltage
     /tmp/ccKnmUat.s:323    .text.HAL_PWREx_DisableMainRegulatorLowVoltage:0000000000000008 $d
     /tmp/ccKnmUat.s:326    .text.HAL_PWREx_EnableLowRegulatorLowVoltage:0000000000000000 $t
     /tmp/ccKnmUat.s:334    .text.HAL_PWREx_EnableLowRegulatorLowVoltage:0000000000000000 HAL_PWREx_EnableLowRegulatorLowVoltage
     /tmp/ccKnmUat.s:345    .text.HAL_PWREx_EnableLowRegulatorLowVoltage:0000000000000008 $d
     /tmp/ccKnmUat.s:348    .text.HAL_PWREx_DisableLowRegulatorLowVoltage:0000000000000000 $t
     /tmp/ccKnmUat.s:356    .text.HAL_PWREx_DisableLowRegulatorLowVoltage:0000000000000000 HAL_PWREx_DisableLowRegulatorLowVoltage
     /tmp/ccKnmUat.s:367    .text.HAL_PWREx_DisableLowRegulatorLowVoltage:0000000000000008 $d

UNDEFINED SYMBOLS
HAL_GetTick
assert_failed
