ARM GAS  /tmp/ccDKatrh.s 			page 1


   1              		.cpu cortex-m4
   2              		.eabi_attribute 27, 1
   3              		.eabi_attribute 28, 1
   4              		.eabi_attribute 20, 1
   5              		.eabi_attribute 21, 1
   6              		.eabi_attribute 23, 3
   7              		.eabi_attribute 24, 1
   8              		.eabi_attribute 25, 1
   9              		.eabi_attribute 26, 1
  10              		.eabi_attribute 30, 2
  11              		.eabi_attribute 34, 1
  12              		.eabi_attribute 18, 4
  13              		.file	"stm32f4xx_hal_exti.c"
  14              		.text
  15              		.section	.rodata.HAL_EXTI_SetConfigLine.str1.4,"aMS",%progbits,1
  16              		.align	2
  17              	.LC0:
  18 0000 64726976 		.ascii	"drivers/STM32F4xx_HAL_Driver/Src/stm32f4xx_hal_exti"
  18      6572732F 
  18      53544D33 
  18      32463478 
  18      785F4841 
  19 0033 2E6300   		.ascii	".c\000"
  20              		.section	.text.HAL_EXTI_SetConfigLine,"ax",%progbits
  21              		.align	1
  22              		.p2align 2,,3
  23              		.global	HAL_EXTI_SetConfigLine
  24              		.arch armv7e-m
  25              		.syntax unified
  26              		.thumb
  27              		.thumb_func
  28              		.fpu fpv4-sp-d16
  30              	HAL_EXTI_SetConfigLine:
  31              		@ args = 0, pretend = 0, frame = 0
  32              		@ frame_needed = 0, uses_anonymous_args = 0
  33 0000 0028     		cmp	r0, #0
  34 0002 58D0     		beq	.L20
  35 0004 F8B5     		push	{r3, r4, r5, r6, r7, lr}
  36 0006 0C46     		mov	r4, r1
  37 0008 0029     		cmp	r1, #0
  38 000a 56D0     		beq	.L21
  39 000c 0A68     		ldr	r2, [r1]
  40 000e 22F0C063 		bic	r3, r2, #100663296
  41 0012 23F01F03 		bic	r3, r3, #31
  42 0016 0546     		mov	r5, r0
  43 0018 0BB9     		cbnz	r3, .L3
  44 001a 9101     		lsls	r1, r2, #6
  45 001c 41D4     		bmi	.L43
  46              	.L3:
  47 001e 3E48     		ldr	r0, .L48
  48 0020 9C21     		movs	r1, #156
  49 0022 FFF7FEFF 		bl	assert_failed
  50              	.L4:
  51 0026 6368     		ldr	r3, [r4, #4]
  52 0028 9A07     		lsls	r2, r3, #30
  53 002a 02D0     		beq	.L5
  54 002c 33F00303 		bics	r3, r3, #3
ARM GAS  /tmp/ccDKatrh.s 			page 2


  55 0030 03D0     		beq	.L6
  56              	.L5:
  57 0032 3948     		ldr	r0, .L48
  58 0034 9D21     		movs	r1, #157
  59 0036 FFF7FEFF 		bl	assert_failed
  60              	.L6:
  61 003a 2668     		ldr	r6, [r4]
  62 003c 2E60     		str	r6, [r5]
  63 003e 0123     		movs	r3, #1
  64 0040 06F01F07 		and	r7, r6, #31
  65 0044 03FA07F5 		lsl	r5, r3, r7
  66 0048 B301     		lsls	r3, r6, #6
  67 004a 19D5     		bpl	.L8
  68 004c A368     		ldr	r3, [r4, #8]
  69 004e 33F00302 		bics	r2, r3, #3
  70 0052 4FD1     		bne	.L44
  71 0054 3246     		mov	r2, r6
  72              	.L9:
  73 0056 3148     		ldr	r0, .L48+4
  74 0058 8168     		ldr	r1, [r0, #8]
  75 005a 13F0010F 		tst	r3, #1
  76 005e 14BF     		ite	ne
  77 0060 2943     		orrne	r1, r1, r5
  78 0062 A943     		biceq	r1, r1, r5
  79 0064 8160     		str	r1, [r0, #8]
  80 0066 2D49     		ldr	r1, .L48+4
  81 0068 13F0020F 		tst	r3, #2
  82 006c CB68     		ldr	r3, [r1, #12]
  83 006e 14BF     		ite	ne
  84 0070 2B43     		orrne	r3, r3, r5
  85 0072 AB43     		biceq	r3, r3, r5
  86 0074 CB60     		str	r3, [r1, #12]
  87 0076 02F0C063 		and	r3, r2, #100663296
  88 007a B3F1C06F 		cmp	r3, #100663296
  89 007e 1ED0     		beq	.L45
  90              	.L8:
  91 0080 264A     		ldr	r2, .L48+4
  92 0082 6068     		ldr	r0, [r4, #4]
  93 0084 1368     		ldr	r3, [r2]
  94 0086 C107     		lsls	r1, r0, #31
  95 0088 4CBF     		ite	mi
  96 008a 2B43     		orrmi	r3, r3, r5
  97 008c AB43     		bicpl	r3, r3, r5
  98 008e 10F00200 		ands	r0, r0, #2
  99 0092 1360     		str	r3, [r2]
 100 0094 214A     		ldr	r2, .L48+4
 101 0096 09D0     		beq	.L19
 102 0098 5368     		ldr	r3, [r2, #4]
 103 009a 1D43     		orrs	r5, r5, r3
 104 009c 0020     		movs	r0, #0
 105 009e 5560     		str	r5, [r2, #4]
 106 00a0 F8BD     		pop	{r3, r4, r5, r6, r7, pc}
 107              	.L43:
 108 00a2 02F01F02 		and	r2, r2, #31
 109 00a6 162A     		cmp	r2, #22
 110 00a8 BDD9     		bls	.L4
 111 00aa B8E7     		b	.L3
ARM GAS  /tmp/ccDKatrh.s 			page 3


 112              	.L19:
 113 00ac 5368     		ldr	r3, [r2, #4]
 114 00ae 23EA0505 		bic	r5, r3, r5
 115 00b2 5560     		str	r5, [r2, #4]
 116 00b4 F8BD     		pop	{r3, r4, r5, r6, r7, pc}
 117              	.L20:
 118 00b6 0120     		movs	r0, #1
 119 00b8 7047     		bx	lr
 120              	.L21:
 121 00ba 0120     		movs	r0, #1
 122 00bc F8BD     		pop	{r3, r4, r5, r6, r7, pc}
 123              	.L45:
 124 00be E368     		ldr	r3, [r4, #12]
 125 00c0 042B     		cmp	r3, #4
 126 00c2 01D9     		bls	.L15
 127 00c4 072B     		cmp	r3, #7
 128 00c6 1CD1     		bne	.L46
 129              	.L15:
 130 00c8 F006     		lsls	r0, r6, #27
 131 00ca 1FD4     		bmi	.L47
 132              	.L16:
 133 00cc 07F01C07 		and	r7, r7, #28
 134 00d0 07F18047 		add	r7, r7, #1073741824
 135 00d4 07F59C37 		add	r7, r7, #79872
 136 00d8 E368     		ldr	r3, [r4, #12]
 137 00da BA68     		ldr	r2, [r7, #8]
 138 00dc 06F00306 		and	r6, r6, #3
 139 00e0 B600     		lsls	r6, r6, #2
 140 00e2 0F21     		movs	r1, #15
 141 00e4 B340     		lsls	r3, r3, r6
 142 00e6 01FA06F6 		lsl	r6, r1, r6
 143 00ea 22EA0606 		bic	r6, r2, r6
 144 00ee 3343     		orrs	r3, r3, r6
 145 00f0 BB60     		str	r3, [r7, #8]
 146 00f2 C5E7     		b	.L8
 147              	.L44:
 148 00f4 0848     		ldr	r0, .L48
 149 00f6 A921     		movs	r1, #169
 150 00f8 FFF7FEFF 		bl	assert_failed
 151 00fc A368     		ldr	r3, [r4, #8]
 152 00fe 2268     		ldr	r2, [r4]
 153 0100 A9E7     		b	.L9
 154              	.L46:
 155 0102 0548     		ldr	r0, .L48
 156 0104 C521     		movs	r1, #197
 157 0106 FFF7FEFF 		bl	assert_failed
 158 010a DDE7     		b	.L15
 159              	.L47:
 160 010c 0248     		ldr	r0, .L48
 161 010e C621     		movs	r1, #198
 162 0110 FFF7FEFF 		bl	assert_failed
 163 0114 DAE7     		b	.L16
 164              	.L49:
 165 0116 00BF     		.align	2
 166              	.L48:
 167 0118 00000000 		.word	.LC0
 168 011c 003C0140 		.word	1073822720
ARM GAS  /tmp/ccDKatrh.s 			page 4


 170              		.section	.text.HAL_EXTI_GetConfigLine,"ax",%progbits
 171              		.align	1
 172              		.p2align 2,,3
 173              		.global	HAL_EXTI_GetConfigLine
 174              		.syntax unified
 175              		.thumb
 176              		.thumb_func
 177              		.fpu fpv4-sp-d16
 179              	HAL_EXTI_GetConfigLine:
 180              		@ args = 0, pretend = 0, frame = 0
 181              		@ frame_needed = 0, uses_anonymous_args = 0
 182 0000 0028     		cmp	r0, #0
 183 0002 51D0     		beq	.L61
 184 0004 70B5     		push	{r4, r5, r6, lr}
 185 0006 0C46     		mov	r4, r1
 186 0008 0029     		cmp	r1, #0
 187 000a 4FD0     		beq	.L62
 188 000c 0268     		ldr	r2, [r0]
 189 000e 22F0C063 		bic	r3, r2, #100663296
 190 0012 23F01F03 		bic	r3, r3, #31
 191 0016 0546     		mov	r5, r0
 192 0018 13B9     		cbnz	r3, .L52
 193 001a 12F00073 		ands	r3, r2, #33554432
 194 001e 1DD1     		bne	.L80
 195              	.L52:
 196 0020 2E48     		ldr	r0, .L83
 197 0022 FB21     		movs	r1, #251
 198 0024 FFF7FEFF 		bl	assert_failed
 199 0028 2A68     		ldr	r2, [r5]
 200 002a 2D4D     		ldr	r5, .L83+4
 201 002c 2260     		str	r2, [r4]
 202 002e 2868     		ldr	r0, [r5]
 203 0030 02F01F06 		and	r6, r2, #31
 204 0034 0121     		movs	r1, #1
 205 0036 B140     		lsls	r1, r1, r6
 206 0038 0842     		tst	r0, r1
 207 003a 14BF     		ite	ne
 208 003c 0120     		movne	r0, #1
 209 003e 0020     		moveq	r0, #0
 210 0040 6060     		str	r0, [r4, #4]
 211 0042 6D68     		ldr	r5, [r5, #4]
 212 0044 0D42     		tst	r5, r1
 213 0046 02F00073 		and	r3, r2, #33554432
 214 004a 02D0     		beq	.L54
 215              	.L59:
 216 004c 40F00200 		orr	r0, r0, #2
 217 0050 6060     		str	r0, [r4, #4]
 218              	.L54:
 219 0052 A3B9     		cbnz	r3, .L60
 220 0054 C4E90233 		strd	r3, r3, [r4, #8]
 221 0058 1846     		mov	r0, r3
 222 005a 70BD     		pop	{r4, r5, r6, pc}
 223              	.L80:
 224 005c 02F01F06 		and	r6, r2, #31
 225 0060 162E     		cmp	r6, #22
 226 0062 DDD8     		bhi	.L52
 227 0064 1E4D     		ldr	r5, .L83+4
ARM GAS  /tmp/ccDKatrh.s 			page 5


 228 0066 0A60     		str	r2, [r1]
 229 0068 2868     		ldr	r0, [r5]
 230 006a 0121     		movs	r1, #1
 231 006c B140     		lsls	r1, r1, r6
 232 006e 0142     		tst	r1, r0
 233 0070 14BF     		ite	ne
 234 0072 0120     		movne	r0, #1
 235 0074 0020     		moveq	r0, #0
 236 0076 6060     		str	r0, [r4, #4]
 237 0078 6D68     		ldr	r5, [r5, #4]
 238 007a 0D42     		tst	r5, r1
 239 007c E6D1     		bne	.L59
 240              	.L60:
 241 007e 1848     		ldr	r0, .L83+4
 242 0080 8368     		ldr	r3, [r0, #8]
 243 0082 0B42     		tst	r3, r1
 244 0084 14BF     		ite	ne
 245 0086 0123     		movne	r3, #1
 246 0088 0023     		moveq	r3, #0
 247 008a A360     		str	r3, [r4, #8]
 248 008c C068     		ldr	r0, [r0, #12]
 249 008e 0842     		tst	r0, r1
 250 0090 1CBF     		itt	ne
 251 0092 43F00203 		orrne	r3, r3, #2
 252 0096 A360     		strne	r3, [r4, #8]
 253 0098 02F0C063 		and	r3, r2, #100663296
 254 009c B3F1C06F 		cmp	r3, #100663296
 255 00a0 06D0     		beq	.L81
 256 00a2 0020     		movs	r0, #0
 257 00a4 E060     		str	r0, [r4, #12]
 258 00a6 70BD     		pop	{r4, r5, r6, pc}
 259              	.L61:
 260 00a8 0120     		movs	r0, #1
 261 00aa 7047     		bx	lr
 262              	.L62:
 263 00ac 0120     		movs	r0, #1
 264 00ae 70BD     		pop	{r4, r5, r6, pc}
 265              	.L81:
 266 00b0 D306     		lsls	r3, r2, #27
 267 00b2 0DD4     		bmi	.L82
 268              	.L58:
 269 00b4 B308     		lsrs	r3, r6, #2
 270 00b6 0B4A     		ldr	r2, .L83+8
 271 00b8 0233     		adds	r3, r3, #2
 272 00ba F643     		mvns	r6, r6
 273 00bc 52F82330 		ldr	r3, [r2, r3, lsl #2]
 274 00c0 06F00306 		and	r6, r6, #3
 275 00c4 B600     		lsls	r6, r6, #2
 276 00c6 B340     		lsls	r3, r3, r6
 277 00c8 1B0E     		lsrs	r3, r3, #24
 278 00ca E360     		str	r3, [r4, #12]
 279 00cc 0020     		movs	r0, #0
 280 00ce 70BD     		pop	{r4, r5, r6, pc}
 281              	.L82:
 282 00d0 0248     		ldr	r0, .L83
 283 00d2 4FF49771 		mov	r1, #302
 284 00d6 FFF7FEFF 		bl	assert_failed
ARM GAS  /tmp/ccDKatrh.s 			page 6


 285 00da EBE7     		b	.L58
 286              	.L84:
 287              		.align	2
 288              	.L83:
 289 00dc 00000000 		.word	.LC0
 290 00e0 003C0140 		.word	1073822720
 291 00e4 00380140 		.word	1073821696
 293              		.section	.text.HAL_EXTI_ClearConfigLine,"ax",%progbits
 294              		.align	1
 295              		.p2align 2,,3
 296              		.global	HAL_EXTI_ClearConfigLine
 297              		.syntax unified
 298              		.thumb
 299              		.thumb_func
 300              		.fpu fpv4-sp-d16
 302              	HAL_EXTI_ClearConfigLine:
 303              		@ args = 0, pretend = 0, frame = 0
 304              		@ frame_needed = 0, uses_anonymous_args = 0
 305 0000 0028     		cmp	r0, #0
 306 0002 51D0     		beq	.L92
 307 0004 70B5     		push	{r4, r5, r6, lr}
 308 0006 0468     		ldr	r4, [r0]
 309 0008 24F0C063 		bic	r3, r4, #100663296
 310 000c 23F01F03 		bic	r3, r3, #31
 311 0010 0546     		mov	r5, r0
 312 0012 0BB9     		cbnz	r3, .L87
 313 0014 A101     		lsls	r1, r4, #6
 314 0016 18D4     		bmi	.L105
 315              	.L87:
 316 0018 4FF4AA71 		mov	r1, #340
 317 001c 2648     		ldr	r0, .L107
 318 001e FFF7FEFF 		bl	assert_failed
 319 0022 264A     		ldr	r2, .L107+4
 320 0024 2C68     		ldr	r4, [r5]
 321 0026 1168     		ldr	r1, [r2]
 322 0028 04F01F06 		and	r6, r4, #31
 323 002c 0123     		movs	r3, #1
 324 002e B340     		lsls	r3, r3, r6
 325 0030 21EA0301 		bic	r1, r1, r3
 326 0034 1160     		str	r1, [r2]
 327 0036 5168     		ldr	r1, [r2, #4]
 328 0038 21EA0301 		bic	r1, r1, r3
 329 003c 5160     		str	r1, [r2, #4]
 330 003e A201     		lsls	r2, r4, #6
 331 0040 6FEA0303 		mvn	r3, r3
 332 0044 11D4     		bmi	.L89
 333              	.L104:
 334 0046 0020     		movs	r0, #0
 335 0048 70BD     		pop	{r4, r5, r6, pc}
 336              	.L105:
 337 004a 04F01F06 		and	r6, r4, #31
 338 004e 162E     		cmp	r6, #22
 339 0050 E2D8     		bhi	.L87
 340 0052 1A4A     		ldr	r2, .L107+4
 341 0054 0123     		movs	r3, #1
 342 0056 1168     		ldr	r1, [r2]
 343 0058 B340     		lsls	r3, r3, r6
ARM GAS  /tmp/ccDKatrh.s 			page 7


 344 005a 21EA0301 		bic	r1, r1, r3
 345 005e 1160     		str	r1, [r2]
 346 0060 5168     		ldr	r1, [r2, #4]
 347 0062 21EA0301 		bic	r1, r1, r3
 348 0066 5160     		str	r1, [r2, #4]
 349 0068 DB43     		mvns	r3, r3
 350              	.L89:
 351 006a 144A     		ldr	r2, .L107+4
 352 006c 9168     		ldr	r1, [r2, #8]
 353 006e 1940     		ands	r1, r1, r3
 354 0070 9160     		str	r1, [r2, #8]
 355 0072 D168     		ldr	r1, [r2, #12]
 356 0074 1940     		ands	r1, r1, r3
 357 0076 04F0C063 		and	r3, r4, #100663296
 358 007a B3F1C06F 		cmp	r3, #100663296
 359 007e D160     		str	r1, [r2, #12]
 360 0080 E1D1     		bne	.L104
 361 0082 E306     		lsls	r3, r4, #27
 362 0084 12D4     		bmi	.L106
 363              	.L91:
 364 0086 06F01C06 		and	r6, r6, #28
 365 008a 06F18046 		add	r6, r6, #1073741824
 366 008e 06F59C36 		add	r6, r6, #79872
 367 0092 04F00304 		and	r4, r4, #3
 368 0096 B368     		ldr	r3, [r6, #8]
 369 0098 A200     		lsls	r2, r4, #2
 370 009a 0F24     		movs	r4, #15
 371 009c 9440     		lsls	r4, r4, r2
 372 009e 23EA0403 		bic	r3, r3, r4
 373 00a2 B360     		str	r3, [r6, #8]
 374 00a4 0020     		movs	r0, #0
 375 00a6 70BD     		pop	{r4, r5, r6, pc}
 376              	.L92:
 377 00a8 0120     		movs	r0, #1
 378 00aa 7047     		bx	lr
 379              	.L106:
 380 00ac 0248     		ldr	r0, .L107
 381 00ae 40F26911 		movw	r1, #361
 382 00b2 FFF7FEFF 		bl	assert_failed
 383 00b6 E6E7     		b	.L91
 384              	.L108:
 385              		.align	2
 386              	.L107:
 387 00b8 00000000 		.word	.LC0
 388 00bc 003C0140 		.word	1073822720
 390              		.section	.text.HAL_EXTI_RegisterCallback,"ax",%progbits
 391              		.align	1
 392              		.p2align 2,,3
 393              		.global	HAL_EXTI_RegisterCallback
 394              		.syntax unified
 395              		.thumb
 396              		.thumb_func
 397              		.fpu fpv4-sp-d16
 399              	HAL_EXTI_RegisterCallback:
 400              		@ args = 0, pretend = 0, frame = 0
 401              		@ frame_needed = 0, uses_anonymous_args = 0
 402              		@ link register save eliminated.
ARM GAS  /tmp/ccDKatrh.s 			page 8


 403 0000 11B9     		cbnz	r1, .L111
 404 0002 4260     		str	r2, [r0, #4]
 405 0004 0846     		mov	r0, r1
 406 0006 7047     		bx	lr
 407              	.L111:
 408 0008 0120     		movs	r0, #1
 409 000a 7047     		bx	lr
 411              		.section	.text.HAL_EXTI_GetHandle,"ax",%progbits
 412              		.align	1
 413              		.p2align 2,,3
 414              		.global	HAL_EXTI_GetHandle
 415              		.syntax unified
 416              		.thumb
 417              		.thumb_func
 418              		.fpu fpv4-sp-d16
 420              	HAL_EXTI_GetHandle:
 421              		@ args = 0, pretend = 0, frame = 0
 422              		@ frame_needed = 0, uses_anonymous_args = 0
 423 0000 38B5     		push	{r3, r4, r5, lr}
 424 0002 21F0C063 		bic	r3, r1, #100663296
 425 0006 23F01F03 		bic	r3, r3, #31
 426 000a 0C46     		mov	r4, r1
 427 000c 0546     		mov	r5, r0
 428 000e 0BB9     		cbnz	r3, .L113
 429 0010 8B01     		lsls	r3, r1, #6
 430 0012 08D4     		bmi	.L121
 431              	.L113:
 432 0014 0A48     		ldr	r0, .L122
 433 0016 4FF4CC71 		mov	r1, #408
 434 001a FFF7FEFF 		bl	assert_failed
 435              	.L114:
 436 001e 65B1     		cbz	r5, .L116
 437 0020 2C60     		str	r4, [r5]
 438 0022 0020     		movs	r0, #0
 439 0024 38BD     		pop	{r3, r4, r5, pc}
 440              	.L121:
 441 0026 01F01F03 		and	r3, r1, #31
 442 002a 162B     		cmp	r3, #22
 443 002c F7D9     		bls	.L114
 444 002e 0448     		ldr	r0, .L122
 445 0030 4FF4CC71 		mov	r1, #408
 446 0034 FFF7FEFF 		bl	assert_failed
 447 0038 F1E7     		b	.L114
 448              	.L116:
 449 003a 0120     		movs	r0, #1
 450 003c 38BD     		pop	{r3, r4, r5, pc}
 451              	.L123:
 452 003e 00BF     		.align	2
 453              	.L122:
 454 0040 00000000 		.word	.LC0
 456              		.section	.text.HAL_EXTI_IRQHandler,"ax",%progbits
 457              		.align	1
 458              		.p2align 2,,3
 459              		.global	HAL_EXTI_IRQHandler
 460              		.syntax unified
 461              		.thumb
 462              		.thumb_func
ARM GAS  /tmp/ccDKatrh.s 			page 9


 463              		.fpu fpv4-sp-d16
 465              	HAL_EXTI_IRQHandler:
 466              		@ args = 0, pretend = 0, frame = 0
 467              		@ frame_needed = 0, uses_anonymous_args = 0
 468              		@ link register save eliminated.
 469 0000 0368     		ldr	r3, [r0]
 470 0002 0949     		ldr	r1, .L132
 471 0004 03F01F02 		and	r2, r3, #31
 472 0008 10B4     		push	{r4}
 473 000a 0123     		movs	r3, #1
 474 000c 4C69     		ldr	r4, [r1, #20]
 475 000e 9340     		lsls	r3, r3, r2
 476 0010 1C42     		tst	r4, r3
 477 0012 05D0     		beq	.L124
 478 0014 4268     		ldr	r2, [r0, #4]
 479 0016 4B61     		str	r3, [r1, #20]
 480 0018 12B1     		cbz	r2, .L124
 481 001a 5DF8044B 		ldr	r4, [sp], #4
 482 001e 1047     		bx	r2	@ indirect register sibling call
 483              	.L124:
 484 0020 5DF8044B 		ldr	r4, [sp], #4
 485 0024 7047     		bx	lr
 486              	.L133:
 487 0026 00BF     		.align	2
 488              	.L132:
 489 0028 003C0140 		.word	1073822720
 491              		.section	.text.HAL_EXTI_GetPending,"ax",%progbits
 492              		.align	1
 493              		.p2align 2,,3
 494              		.global	HAL_EXTI_GetPending
 495              		.syntax unified
 496              		.thumb
 497              		.thumb_func
 498              		.fpu fpv4-sp-d16
 500              	HAL_EXTI_GetPending:
 501              		@ args = 0, pretend = 0, frame = 0
 502              		@ frame_needed = 0, uses_anonymous_args = 0
 503 0000 0268     		ldr	r2, [r0]
 504 0002 38B5     		push	{r3, r4, r5, lr}
 505 0004 22F0C063 		bic	r3, r2, #100663296
 506 0008 23F01F03 		bic	r3, r3, #31
 507 000c 0446     		mov	r4, r0
 508 000e 0D46     		mov	r5, r1
 509 0010 0BB9     		cbnz	r3, .L135
 510 0012 9101     		lsls	r1, r2, #6
 511 0014 1FD4     		bmi	.L145
 512              	.L135:
 513 0016 1248     		ldr	r0, .L147
 514 0018 4FF4F271 		mov	r1, #484
 515 001c FFF7FEFF 		bl	assert_failed
 516 0020 2368     		ldr	r3, [r4]
 517 0022 9B01     		lsls	r3, r3, #6
 518 0024 11D5     		bpl	.L146
 519              	.L136:
 520 0026 032D     		cmp	r5, #3
 521 0028 04D0     		beq	.L137
 522 002a 0D48     		ldr	r0, .L147
ARM GAS  /tmp/ccDKatrh.s 			page 10


 523 002c 4FF4F371 		mov	r1, #486
 524 0030 FFF7FEFF 		bl	assert_failed
 525              	.L137:
 526 0034 2068     		ldr	r0, [r4]
 527 0036 0B4B     		ldr	r3, .L147+4
 528 0038 00F01F00 		and	r0, r0, #31
 529 003c 5A69     		ldr	r2, [r3, #20]
 530 003e 0123     		movs	r3, #1
 531 0040 8340     		lsls	r3, r3, r0
 532 0042 1340     		ands	r3, r3, r2
 533 0044 23FA00F0 		lsr	r0, r3, r0
 534 0048 38BD     		pop	{r3, r4, r5, pc}
 535              	.L146:
 536 004a 0548     		ldr	r0, .L147
 537 004c 40F2E511 		movw	r1, #485
 538 0050 FFF7FEFF 		bl	assert_failed
 539 0054 E7E7     		b	.L136
 540              	.L145:
 541 0056 02F01F02 		and	r2, r2, #31
 542 005a 162A     		cmp	r2, #22
 543 005c E3D9     		bls	.L136
 544 005e DAE7     		b	.L135
 545              	.L148:
 546              		.align	2
 547              	.L147:
 548 0060 00000000 		.word	.LC0
 549 0064 003C0140 		.word	1073822720
 551              		.section	.text.HAL_EXTI_ClearPending,"ax",%progbits
 552              		.align	1
 553              		.p2align 2,,3
 554              		.global	HAL_EXTI_ClearPending
 555              		.syntax unified
 556              		.thumb
 557              		.thumb_func
 558              		.fpu fpv4-sp-d16
 560              	HAL_EXTI_ClearPending:
 561              		@ args = 0, pretend = 0, frame = 0
 562              		@ frame_needed = 0, uses_anonymous_args = 0
 563 0000 0268     		ldr	r2, [r0]
 564 0002 38B5     		push	{r3, r4, r5, lr}
 565 0004 22F0C063 		bic	r3, r2, #100663296
 566 0008 23F01F03 		bic	r3, r3, #31
 567 000c 0446     		mov	r4, r0
 568 000e 0D46     		mov	r5, r1
 569 0010 0BB9     		cbnz	r3, .L150
 570 0012 9101     		lsls	r1, r2, #6
 571 0014 1CD4     		bmi	.L160
 572              	.L150:
 573 0016 1148     		ldr	r0, .L162
 574 0018 40F2FF11 		movw	r1, #511
 575 001c FFF7FEFF 		bl	assert_failed
 576 0020 2368     		ldr	r3, [r4]
 577 0022 9B01     		lsls	r3, r3, #6
 578 0024 0ED5     		bpl	.L161
 579              	.L151:
 580 0026 032D     		cmp	r5, #3
 581 0028 04D0     		beq	.L152
ARM GAS  /tmp/ccDKatrh.s 			page 11


 582 002a 0C48     		ldr	r0, .L162
 583 002c 40F20121 		movw	r1, #513
 584 0030 FFF7FEFF 		bl	assert_failed
 585              	.L152:
 586 0034 2268     		ldr	r2, [r4]
 587 0036 0A49     		ldr	r1, .L162+4
 588 0038 02F01F02 		and	r2, r2, #31
 589 003c 0123     		movs	r3, #1
 590 003e 9340     		lsls	r3, r3, r2
 591 0040 4B61     		str	r3, [r1, #20]
 592 0042 38BD     		pop	{r3, r4, r5, pc}
 593              	.L161:
 594 0044 0548     		ldr	r0, .L162
 595 0046 4FF40071 		mov	r1, #512
 596 004a FFF7FEFF 		bl	assert_failed
 597 004e EAE7     		b	.L151
 598              	.L160:
 599 0050 02F01F02 		and	r2, r2, #31
 600 0054 162A     		cmp	r2, #22
 601 0056 E6D9     		bls	.L151
 602 0058 DDE7     		b	.L150
 603              	.L163:
 604 005a 00BF     		.align	2
 605              	.L162:
 606 005c 00000000 		.word	.LC0
 607 0060 003C0140 		.word	1073822720
 609              		.section	.text.HAL_EXTI_GenerateSWI,"ax",%progbits
 610              		.align	1
 611              		.p2align 2,,3
 612              		.global	HAL_EXTI_GenerateSWI
 613              		.syntax unified
 614              		.thumb
 615              		.thumb_func
 616              		.fpu fpv4-sp-d16
 618              	HAL_EXTI_GenerateSWI:
 619              		@ args = 0, pretend = 0, frame = 0
 620              		@ frame_needed = 0, uses_anonymous_args = 0
 621 0000 0368     		ldr	r3, [r0]
 622 0002 23F0C062 		bic	r2, r3, #100663296
 623 0006 22F01F02 		bic	r2, r2, #31
 624 000a 10B5     		push	{r4, lr}
 625 000c 0446     		mov	r4, r0
 626 000e 0AB9     		cbnz	r2, .L165
 627 0010 9901     		lsls	r1, r3, #6
 628 0012 16D4     		bmi	.L174
 629              	.L165:
 630 0014 0D48     		ldr	r0, .L175
 631 0016 4FF40571 		mov	r1, #532
 632 001a FFF7FEFF 		bl	assert_failed
 633 001e 2368     		ldr	r3, [r4]
 634 0020 9A01     		lsls	r2, r3, #6
 635 0022 07D5     		bpl	.L171
 636              	.L173:
 637 0024 03F01F03 		and	r3, r3, #31
 638              	.L166:
 639 0028 0949     		ldr	r1, .L175+4
 640 002a 0122     		movs	r2, #1
ARM GAS  /tmp/ccDKatrh.s 			page 12


 641 002c 02FA03F3 		lsl	r3, r2, r3
 642 0030 0B61     		str	r3, [r1, #16]
 643 0032 10BD     		pop	{r4, pc}
 644              	.L171:
 645 0034 0548     		ldr	r0, .L175
 646 0036 40F21521 		movw	r1, #533
 647 003a FFF7FEFF 		bl	assert_failed
 648 003e 2368     		ldr	r3, [r4]
 649 0040 F0E7     		b	.L173
 650              	.L174:
 651 0042 03F01F03 		and	r3, r3, #31
 652 0046 162B     		cmp	r3, #22
 653 0048 EED9     		bls	.L166
 654 004a E3E7     		b	.L165
 655              	.L176:
 656              		.align	2
 657              	.L175:
 658 004c 00000000 		.word	.LC0
 659 0050 003C0140 		.word	1073822720
 661              		.ident	"GCC: (15:10.3-2021.07-4) 10.3.1 20210621 (release)"
ARM GAS  /tmp/ccDKatrh.s 			page 13


DEFINED SYMBOLS
                            *ABS*:0000000000000000 stm32f4xx_hal_exti.c
     /tmp/ccDKatrh.s:16     .rodata.HAL_EXTI_SetConfigLine.str1.4:0000000000000000 $d
     /tmp/ccDKatrh.s:21     .text.HAL_EXTI_SetConfigLine:0000000000000000 $t
     /tmp/ccDKatrh.s:30     .text.HAL_EXTI_SetConfigLine:0000000000000000 HAL_EXTI_SetConfigLine
     /tmp/ccDKatrh.s:167    .text.HAL_EXTI_SetConfigLine:0000000000000118 $d
     /tmp/ccDKatrh.s:171    .text.HAL_EXTI_GetConfigLine:0000000000000000 $t
     /tmp/ccDKatrh.s:179    .text.HAL_EXTI_GetConfigLine:0000000000000000 HAL_EXTI_GetConfigLine
     /tmp/ccDKatrh.s:289    .text.HAL_EXTI_GetConfigLine:00000000000000dc $d
     /tmp/ccDKatrh.s:294    .text.HAL_EXTI_ClearConfigLine:0000000000000000 $t
     /tmp/ccDKatrh.s:302    .text.HAL_EXTI_ClearConfigLine:0000000000000000 HAL_EXTI_ClearConfigLine
     /tmp/ccDKatrh.s:387    .text.HAL_EXTI_ClearConfigLine:00000000000000b8 $d
     /tmp/ccDKatrh.s:391    .text.HAL_EXTI_RegisterCallback:0000000000000000 $t
     /tmp/ccDKatrh.s:399    .text.HAL_EXTI_RegisterCallback:0000000000000000 HAL_EXTI_RegisterCallback
     /tmp/ccDKatrh.s:412    .text.HAL_EXTI_GetHandle:0000000000000000 $t
     /tmp/ccDKatrh.s:420    .text.HAL_EXTI_GetHandle:0000000000000000 HAL_EXTI_GetHandle
     /tmp/ccDKatrh.s:454    .text.HAL_EXTI_GetHandle:0000000000000040 $d
     /tmp/ccDKatrh.s:457    .text.HAL_EXTI_IRQHandler:0000000000000000 $t
     /tmp/ccDKatrh.s:465    .text.HAL_EXTI_IRQHandler:0000000000000000 HAL_EXTI_IRQHandler
     /tmp/ccDKatrh.s:489    .text.HAL_EXTI_IRQHandler:0000000000000028 $d
     /tmp/ccDKatrh.s:492    .text.HAL_EXTI_GetPending:0000000000000000 $t
     /tmp/ccDKatrh.s:500    .text.HAL_EXTI_GetPending:0000000000000000 HAL_EXTI_GetPending
     /tmp/ccDKatrh.s:548    .text.HAL_EXTI_GetPending:0000000000000060 $d
     /tmp/ccDKatrh.s:552    .text.HAL_EXTI_ClearPending:0000000000000000 $t
     /tmp/ccDKatrh.s:560    .text.HAL_EXTI_ClearPending:0000000000000000 HAL_EXTI_ClearPending
     /tmp/ccDKatrh.s:606    .text.HAL_EXTI_ClearPending:000000000000005c $d
     /tmp/ccDKatrh.s:610    .text.HAL_EXTI_GenerateSWI:0000000000000000 $t
     /tmp/ccDKatrh.s:618    .text.HAL_EXTI_GenerateSWI:0000000000000000 HAL_EXTI_GenerateSWI
     /tmp/ccDKatrh.s:658    .text.HAL_EXTI_GenerateSWI:000000000000004c $d

UNDEFINED SYMBOLS
assert_failed
