ARM GAS  /tmp/ccDEhSLj.s 			page 1


   1              		.cpu cortex-m4
   2              		.eabi_attribute 27, 1
   3              		.eabi_attribute 28, 1
   4              		.eabi_attribute 20, 1
   5              		.eabi_attribute 21, 1
   6              		.eabi_attribute 23, 3
   7              		.eabi_attribute 24, 1
   8              		.eabi_attribute 25, 1
   9              		.eabi_attribute 26, 1
  10              		.eabi_attribute 30, 2
  11              		.eabi_attribute 34, 1
  12              		.eabi_attribute 18, 4
  13              		.file	"stm32f4xx_hal_pcd.c"
  14              		.text
  15              		.section	.text.HAL_PCD_MspInit,"ax",%progbits
  16              		.align	1
  17              		.p2align 2,,3
  18              		.weak	HAL_PCD_MspInit
  19              		.arch armv7e-m
  20              		.syntax unified
  21              		.thumb
  22              		.thumb_func
  23              		.fpu fpv4-sp-d16
  25              	HAL_PCD_MspInit:
  26              		@ args = 0, pretend = 0, frame = 0
  27              		@ frame_needed = 0, uses_anonymous_args = 0
  28              		@ link register save eliminated.
  29 0000 7047     		bx	lr
  31 0002 00BF     		.section	.rodata.HAL_PCD_Init.str1.4,"aMS",%progbits,1
  32              		.align	2
  33              	.LC0:
  34 0000 64726976 		.ascii	"drivers/STM32F4xx_HAL_Driver/Src/stm32f4xx_hal_pcd."
  34      6572732F 
  34      53544D33 
  34      32463478 
  34      785F4841 
  35 0033 6300     		.ascii	"c\000"
  36              		.section	.text.HAL_PCD_Init,"ax",%progbits
  37              		.align	1
  38              		.p2align 2,,3
  39              		.global	HAL_PCD_Init
  40              		.syntax unified
  41              		.thumb
  42              		.thumb_func
  43              		.fpu fpv4-sp-d16
  45              	HAL_PCD_Init:
  46              		@ args = 0, pretend = 0, frame = 0
  47              		@ frame_needed = 0, uses_anonymous_args = 0
  48 0000 F0B5     		push	{r4, r5, r6, r7, lr}
  49 0002 8BB0     		sub	sp, sp, #44
  50 0004 0028     		cmp	r0, #0
  51 0006 00F08E80 		beq	.L14
  52 000a 0468     		ldr	r4, [r0]
  53 000c B4F1A04F 		cmp	r4, #1342177280
  54 0010 0546     		mov	r5, r0
  55 0012 04D0     		beq	.L5
  56 0014 4648     		ldr	r0, .L25
ARM GAS  /tmp/ccDEhSLj.s 			page 2


  57 0016 8721     		movs	r1, #135
  58 0018 FFF7FEFF 		bl	assert_failed
  59 001c 2C68     		ldr	r4, [r5]
  60              	.L5:
  61 001e 95F8BD33 		ldrb	r3, [r5, #957]	@ zero_extendqisi2
  62 0022 03F0FF02 		and	r2, r3, #255
  63 0026 002B     		cmp	r3, #0
  64 0028 76D0     		beq	.L24
  65 002a 2046     		mov	r0, r4
  66              	.L6:
  67 002c 0323     		movs	r3, #3
  68 002e 85F8BD33 		strb	r3, [r5, #957]
  69 0032 E36B     		ldr	r3, [r4, #60]
  70 0034 2E46     		mov	r6, r5
  71 0036 13F48073 		ands	r3, r3, #256
  72 003a 08BF     		it	eq
  73 003c 2B61     		streq	r3, [r5, #16]
  74 003e FFF7FEFF 		bl	USB_DisableGlobalInt
  75 0042 56F810EB 		ldr	lr, [r6], #16
  76 0046 B446     		mov	ip, r6
  77 0048 BCE80F00 		ldmia	ip!, {r0, r1, r2, r3}
  78 004c 6C46     		mov	r4, sp
  79 004e 0FC4     		stmia	r4!, {r0, r1, r2, r3}
  80 0050 BCE80F00 		ldmia	ip!, {r0, r1, r2, r3}
  81 0054 0FC4     		stmia	r4!, {r0, r1, r2, r3}
  82 0056 9CE80300 		ldm	ip, {r0, r1}
  83 005a 84E80300 		stm	r4, {r0, r1}
  84 005e 2F1D     		adds	r7, r5, #4
  85 0060 97E80E00 		ldm	r7, {r1, r2, r3}
  86 0064 7046     		mov	r0, lr
  87 0066 FFF7FEFF 		bl	USB_CoreInit
  88 006a 0446     		mov	r4, r0
  89 006c 30B1     		cbz	r0, .L8
  90              	.L10:
  91 006e 0124     		movs	r4, #1
  92 0070 0223     		movs	r3, #2
  93 0072 2046     		mov	r0, r4
  94 0074 85F8BD33 		strb	r3, [r5, #957]
  95 0078 0BB0     		add	sp, sp, #44
  96              		@ sp needed
  97 007a F0BD     		pop	{r4, r5, r6, r7, pc}
  98              	.L8:
  99 007c 0146     		mov	r1, r0
 100 007e 2868     		ldr	r0, [r5]
 101 0080 FFF7FEFF 		bl	USB_SetCurrentMode
 102 0084 6868     		ldr	r0, [r5, #4]
 103 0086 58B3     		cbz	r0, .L13
 104 0088 2246     		mov	r2, r4
 105 008a 4FF0010E 		mov	lr, #1
 106 008e 2146     		mov	r1, r4
 107              	.L9:
 108 0090 C2EBC203 		rsb	r3, r2, r2, lsl #3
 109 0094 05EB8303 		add	r3, r5, r3, lsl #2
 110 0098 02F1010C 		add	ip, r2, #1
 111 009c 83F83C20 		strb	r2, [r3, #60]
 112 00a0 A3F84220 		strh	r2, [r3, #66]	@ movhi
 113 00a4 5FFA8CF2 		uxtb	r2, ip
ARM GAS  /tmp/ccDEhSLj.s 			page 3


 114 00a8 8242     		cmp	r2, r0
 115 00aa C3E91111 		strd	r1, r1, [r3, #68]
 116 00ae 83F83DE0 		strb	lr, [r3, #61]
 117 00b2 83F83F10 		strb	r1, [r3, #63]
 118 00b6 1965     		str	r1, [r3, #80]
 119 00b8 EAD3     		bcc	.L9
 120 00ba 0022     		movs	r2, #0
 121              	.L12:
 122 00bc C4EBC403 		rsb	r3, r4, r4, lsl #3
 123 00c0 05EB8303 		add	r3, r5, r3, lsl #2
 124 00c4 611C     		adds	r1, r4, #1
 125 00c6 83F8FC41 		strb	r4, [r3, #508]
 126 00ca CCB2     		uxtb	r4, r1
 127 00cc 8442     		cmp	r4, r0
 128 00ce C3E98122 		strd	r2, r2, [r3, #516]
 129 00d2 83F8FD21 		strb	r2, [r3, #509]
 130 00d6 83F8FF21 		strb	r2, [r3, #511]
 131 00da C3F81022 		str	r2, [r3, #528]
 132 00de EDD3     		bcc	.L12
 133              	.L13:
 134 00e0 0FCE     		ldmia	r6!, {r0, r1, r2, r3}
 135 00e2 6C46     		mov	r4, sp
 136 00e4 0FC4     		stmia	r4!, {r0, r1, r2, r3}
 137 00e6 0FCE     		ldmia	r6!, {r0, r1, r2, r3}
 138 00e8 0FC4     		stmia	r4!, {r0, r1, r2, r3}
 139 00ea 96E80300 		ldm	r6, {r0, r1}
 140 00ee 84E80300 		stm	r4, {r0, r1}
 141 00f2 97E80E00 		ldm	r7, {r1, r2, r3}
 142 00f6 2868     		ldr	r0, [r5]
 143 00f8 FFF7FEFF 		bl	USB_DevInit
 144 00fc 0446     		mov	r4, r0
 145 00fe 0028     		cmp	r0, #0
 146 0100 B5D1     		bne	.L10
 147 0102 0123     		movs	r3, #1
 148 0104 85F83800 		strb	r0, [r5, #56]
 149 0108 2868     		ldr	r0, [r5]
 150 010a 85F8BD33 		strb	r3, [r5, #957]
 151 010e FFF7FEFF 		bl	USB_DevDisconnect
 152 0112 2046     		mov	r0, r4
 153 0114 0BB0     		add	sp, sp, #44
 154              		@ sp needed
 155 0116 F0BD     		pop	{r4, r5, r6, r7, pc}
 156              	.L24:
 157 0118 2846     		mov	r0, r5
 158 011a 85F8BC23 		strb	r2, [r5, #956]
 159 011e FFF7FEFF 		bl	HAL_PCD_MspInit
 160 0122 2868     		ldr	r0, [r5]
 161 0124 82E7     		b	.L6
 162              	.L14:
 163 0126 0124     		movs	r4, #1
 164 0128 2046     		mov	r0, r4
 165 012a 0BB0     		add	sp, sp, #44
 166              		@ sp needed
 167 012c F0BD     		pop	{r4, r5, r6, r7, pc}
 168              	.L26:
 169 012e 00BF     		.align	2
 170              	.L25:
ARM GAS  /tmp/ccDEhSLj.s 			page 4


 171 0130 00000000 		.word	.LC0
 173              		.section	.text.HAL_PCD_MspDeInit,"ax",%progbits
 174              		.align	1
 175              		.p2align 2,,3
 176              		.weak	HAL_PCD_MspDeInit
 177              		.syntax unified
 178              		.thumb
 179              		.thumb_func
 180              		.fpu fpv4-sp-d16
 182              	HAL_PCD_MspDeInit:
 183              		@ args = 0, pretend = 0, frame = 0
 184              		@ frame_needed = 0, uses_anonymous_args = 0
 185              		@ link register save eliminated.
 186 0000 7047     		bx	lr
 188 0002 00BF     		.section	.text.HAL_PCD_DeInit,"ax",%progbits
 189              		.align	1
 190              		.p2align 2,,3
 191              		.global	HAL_PCD_DeInit
 192              		.syntax unified
 193              		.thumb
 194              		.thumb_func
 195              		.fpu fpv4-sp-d16
 197              	HAL_PCD_DeInit:
 198              		@ args = 0, pretend = 0, frame = 0
 199              		@ frame_needed = 0, uses_anonymous_args = 0
 200 0000 48B3     		cbz	r0, .L32
 201 0002 38B5     		push	{r3, r4, r5, lr}
 202 0004 90F8BC33 		ldrb	r3, [r0, #956]	@ zero_extendqisi2
 203 0008 0322     		movs	r2, #3
 204 000a 012B     		cmp	r3, #1
 205 000c 0446     		mov	r4, r0
 206 000e 80F8BD23 		strb	r2, [r0, #957]
 207 0012 0DD0     		beq	.L30
 208 0014 0123     		movs	r3, #1
 209 0016 0068     		ldr	r0, [r0]
 210 0018 84F8BC33 		strb	r3, [r4, #956]
 211 001c FFF7FEFF 		bl	USB_DisableGlobalInt
 212 0020 2068     		ldr	r0, [r4]
 213 0022 FFF7FEFF 		bl	USB_StopDevice
 214 0026 0546     		mov	r5, r0
 215 0028 48B1     		cbz	r0, .L31
 216 002a 0023     		movs	r3, #0
 217 002c 84F8BC33 		strb	r3, [r4, #956]
 218              	.L30:
 219 0030 2046     		mov	r0, r4
 220 0032 FFF7FEFF 		bl	HAL_PCD_MspDeInit
 221 0036 0020     		movs	r0, #0
 222 0038 84F8BD03 		strb	r0, [r4, #957]
 223 003c 38BD     		pop	{r3, r4, r5, pc}
 224              	.L31:
 225 003e 2068     		ldr	r0, [r4]
 226 0040 FFF7FEFF 		bl	USB_DevDisconnect
 227 0044 2046     		mov	r0, r4
 228 0046 84F8BC53 		strb	r5, [r4, #956]
 229 004a FFF7FEFF 		bl	HAL_PCD_MspDeInit
 230 004e 0020     		movs	r0, #0
 231 0050 84F8BD03 		strb	r0, [r4, #957]
ARM GAS  /tmp/ccDEhSLj.s 			page 5


 232 0054 38BD     		pop	{r3, r4, r5, pc}
 233              	.L32:
 234 0056 0120     		movs	r0, #1
 235 0058 7047     		bx	lr
 237 005a 00BF     		.section	.text.HAL_PCD_Start,"ax",%progbits
 238              		.align	1
 239              		.p2align 2,,3
 240              		.global	HAL_PCD_Start
 241              		.syntax unified
 242              		.thumb
 243              		.thumb_func
 244              		.fpu fpv4-sp-d16
 246              	HAL_PCD_Start:
 247              		@ args = 0, pretend = 0, frame = 0
 248              		@ frame_needed = 0, uses_anonymous_args = 0
 249 0000 10B5     		push	{r4, lr}
 250 0002 90F8BC33 		ldrb	r3, [r0, #956]	@ zero_extendqisi2
 251 0006 012B     		cmp	r3, #1
 252 0008 0446     		mov	r4, r0
 253 000a 0068     		ldr	r0, [r0]
 254 000c 16D0     		beq	.L43
 255 000e A36A     		ldr	r3, [r4, #40]
 256 0010 0122     		movs	r2, #1
 257 0012 9342     		cmp	r3, r2
 258 0014 84F8BC23 		strb	r2, [r4, #956]
 259 0018 08D0     		beq	.L48
 260              	.L42:
 261 001a FFF7FEFF 		bl	USB_DevConnect
 262 001e 2068     		ldr	r0, [r4]
 263 0020 FFF7FEFF 		bl	USB_EnableGlobalInt
 264 0024 0020     		movs	r0, #0
 265 0026 84F8BC03 		strb	r0, [r4, #956]
 266 002a 10BD     		pop	{r4, pc}
 267              	.L48:
 268 002c A369     		ldr	r3, [r4, #24]
 269 002e 9342     		cmp	r3, r2
 270 0030 F3D0     		beq	.L42
 271 0032 836B     		ldr	r3, [r0, #56]
 272 0034 43F48033 		orr	r3, r3, #65536
 273 0038 8363     		str	r3, [r0, #56]
 274 003a EEE7     		b	.L42
 275              	.L43:
 276 003c 0220     		movs	r0, #2
 277 003e 10BD     		pop	{r4, pc}
 279              		.section	.text.HAL_PCD_Stop,"ax",%progbits
 280              		.align	1
 281              		.p2align 2,,3
 282              		.global	HAL_PCD_Stop
 283              		.syntax unified
 284              		.thumb
 285              		.thumb_func
 286              		.fpu fpv4-sp-d16
 288              	HAL_PCD_Stop:
 289              		@ args = 0, pretend = 0, frame = 0
 290              		@ frame_needed = 0, uses_anonymous_args = 0
 291 0000 70B5     		push	{r4, r5, r6, lr}
 292 0002 90F8BC33 		ldrb	r3, [r0, #956]	@ zero_extendqisi2
ARM GAS  /tmp/ccDEhSLj.s 			page 6


 293 0006 012B     		cmp	r3, #1
 294 0008 18D0     		beq	.L52
 295 000a 0446     		mov	r4, r0
 296 000c 0126     		movs	r6, #1
 297 000e 0068     		ldr	r0, [r0]
 298 0010 84F8BC63 		strb	r6, [r4, #956]
 299 0014 FFF7FEFF 		bl	USB_DisableGlobalInt
 300 0018 2068     		ldr	r0, [r4]
 301 001a FFF7FEFF 		bl	USB_StopDevice
 302 001e 0546     		mov	r5, r0
 303 0020 28B1     		cbz	r0, .L51
 304 0022 0023     		movs	r3, #0
 305 0024 3546     		mov	r5, r6
 306 0026 84F8BC33 		strb	r3, [r4, #956]
 307 002a 2846     		mov	r0, r5
 308 002c 70BD     		pop	{r4, r5, r6, pc}
 309              	.L51:
 310 002e 2068     		ldr	r0, [r4]
 311 0030 FFF7FEFF 		bl	USB_DevDisconnect
 312 0034 84F8BC53 		strb	r5, [r4, #956]
 313 0038 2846     		mov	r0, r5
 314 003a 70BD     		pop	{r4, r5, r6, pc}
 315              	.L52:
 316 003c 0225     		movs	r5, #2
 317 003e 2846     		mov	r0, r5
 318 0040 70BD     		pop	{r4, r5, r6, pc}
 320 0042 00BF     		.section	.text.HAL_PCD_DataOutStageCallback,"ax",%progbits
 321              		.align	1
 322              		.p2align 2,,3
 323              		.weak	HAL_PCD_DataOutStageCallback
 324              		.syntax unified
 325              		.thumb
 326              		.thumb_func
 327              		.fpu fpv4-sp-d16
 329              	HAL_PCD_DataOutStageCallback:
 330              		@ args = 0, pretend = 0, frame = 0
 331              		@ frame_needed = 0, uses_anonymous_args = 0
 332              		@ link register save eliminated.
 333 0000 7047     		bx	lr
 335 0002 00BF     		.section	.text.HAL_PCD_DataInStageCallback,"ax",%progbits
 336              		.align	1
 337              		.p2align 2,,3
 338              		.weak	HAL_PCD_DataInStageCallback
 339              		.syntax unified
 340              		.thumb
 341              		.thumb_func
 342              		.fpu fpv4-sp-d16
 344              	HAL_PCD_DataInStageCallback:
 345              		@ args = 0, pretend = 0, frame = 0
 346              		@ frame_needed = 0, uses_anonymous_args = 0
 347              		@ link register save eliminated.
 348 0000 7047     		bx	lr
 350 0002 00BF     		.section	.text.HAL_PCD_SetupStageCallback,"ax",%progbits
 351              		.align	1
 352              		.p2align 2,,3
 353              		.weak	HAL_PCD_SetupStageCallback
 354              		.syntax unified
ARM GAS  /tmp/ccDEhSLj.s 			page 7


 355              		.thumb
 356              		.thumb_func
 357              		.fpu fpv4-sp-d16
 359              	HAL_PCD_SetupStageCallback:
 360              		@ args = 0, pretend = 0, frame = 0
 361              		@ frame_needed = 0, uses_anonymous_args = 0
 362              		@ link register save eliminated.
 363 0000 7047     		bx	lr
 365 0002 00BF     		.section	.text.HAL_PCD_SOFCallback,"ax",%progbits
 366              		.align	1
 367              		.p2align 2,,3
 368              		.weak	HAL_PCD_SOFCallback
 369              		.syntax unified
 370              		.thumb
 371              		.thumb_func
 372              		.fpu fpv4-sp-d16
 374              	HAL_PCD_SOFCallback:
 375              		@ args = 0, pretend = 0, frame = 0
 376              		@ frame_needed = 0, uses_anonymous_args = 0
 377              		@ link register save eliminated.
 378 0000 7047     		bx	lr
 380 0002 00BF     		.section	.text.HAL_PCD_ResetCallback,"ax",%progbits
 381              		.align	1
 382              		.p2align 2,,3
 383              		.weak	HAL_PCD_ResetCallback
 384              		.syntax unified
 385              		.thumb
 386              		.thumb_func
 387              		.fpu fpv4-sp-d16
 389              	HAL_PCD_ResetCallback:
 390              		@ args = 0, pretend = 0, frame = 0
 391              		@ frame_needed = 0, uses_anonymous_args = 0
 392              		@ link register save eliminated.
 393 0000 7047     		bx	lr
 395 0002 00BF     		.section	.text.HAL_PCD_SuspendCallback,"ax",%progbits
 396              		.align	1
 397              		.p2align 2,,3
 398              		.weak	HAL_PCD_SuspendCallback
 399              		.syntax unified
 400              		.thumb
 401              		.thumb_func
 402              		.fpu fpv4-sp-d16
 404              	HAL_PCD_SuspendCallback:
 405              		@ args = 0, pretend = 0, frame = 0
 406              		@ frame_needed = 0, uses_anonymous_args = 0
 407              		@ link register save eliminated.
 408 0000 7047     		bx	lr
 410 0002 00BF     		.section	.text.HAL_PCD_ResumeCallback,"ax",%progbits
 411              		.align	1
 412              		.p2align 2,,3
 413              		.weak	HAL_PCD_ResumeCallback
 414              		.syntax unified
 415              		.thumb
 416              		.thumb_func
 417              		.fpu fpv4-sp-d16
 419              	HAL_PCD_ResumeCallback:
 420              		@ args = 0, pretend = 0, frame = 0
ARM GAS  /tmp/ccDEhSLj.s 			page 8


 421              		@ frame_needed = 0, uses_anonymous_args = 0
 422              		@ link register save eliminated.
 423 0000 7047     		bx	lr
 425 0002 00BF     		.section	.text.HAL_PCD_ISOOUTIncompleteCallback,"ax",%progbits
 426              		.align	1
 427              		.p2align 2,,3
 428              		.weak	HAL_PCD_ISOOUTIncompleteCallback
 429              		.syntax unified
 430              		.thumb
 431              		.thumb_func
 432              		.fpu fpv4-sp-d16
 434              	HAL_PCD_ISOOUTIncompleteCallback:
 435              		@ args = 0, pretend = 0, frame = 0
 436              		@ frame_needed = 0, uses_anonymous_args = 0
 437              		@ link register save eliminated.
 438 0000 7047     		bx	lr
 440 0002 00BF     		.section	.text.HAL_PCD_ISOINIncompleteCallback,"ax",%progbits
 441              		.align	1
 442              		.p2align 2,,3
 443              		.weak	HAL_PCD_ISOINIncompleteCallback
 444              		.syntax unified
 445              		.thumb
 446              		.thumb_func
 447              		.fpu fpv4-sp-d16
 449              	HAL_PCD_ISOINIncompleteCallback:
 450              		@ args = 0, pretend = 0, frame = 0
 451              		@ frame_needed = 0, uses_anonymous_args = 0
 452              		@ link register save eliminated.
 453 0000 7047     		bx	lr
 455 0002 00BF     		.section	.text.HAL_PCD_ConnectCallback,"ax",%progbits
 456              		.align	1
 457              		.p2align 2,,3
 458              		.weak	HAL_PCD_ConnectCallback
 459              		.syntax unified
 460              		.thumb
 461              		.thumb_func
 462              		.fpu fpv4-sp-d16
 464              	HAL_PCD_ConnectCallback:
 465              		@ args = 0, pretend = 0, frame = 0
 466              		@ frame_needed = 0, uses_anonymous_args = 0
 467              		@ link register save eliminated.
 468 0000 7047     		bx	lr
 470 0002 00BF     		.section	.text.HAL_PCD_DisconnectCallback,"ax",%progbits
 471              		.align	1
 472              		.p2align 2,,3
 473              		.weak	HAL_PCD_DisconnectCallback
 474              		.syntax unified
 475              		.thumb
 476              		.thumb_func
 477              		.fpu fpv4-sp-d16
 479              	HAL_PCD_DisconnectCallback:
 480              		@ args = 0, pretend = 0, frame = 0
 481              		@ frame_needed = 0, uses_anonymous_args = 0
 482              		@ link register save eliminated.
 483 0000 7047     		bx	lr
 485 0002 00BF     		.section	.text.HAL_PCD_IRQHandler,"ax",%progbits
 486              		.align	1
ARM GAS  /tmp/ccDEhSLj.s 			page 9


 487              		.p2align 2,,3
 488              		.global	HAL_PCD_IRQHandler
 489              		.syntax unified
 490              		.thumb
 491              		.thumb_func
 492              		.fpu fpv4-sp-d16
 494              	HAL_PCD_IRQHandler:
 495              		@ args = 0, pretend = 0, frame = 16
 496              		@ frame_needed = 0, uses_anonymous_args = 0
 497 0000 2DE9F04F 		push	{r4, r5, r6, r7, r8, r9, r10, fp, lr}
 498 0004 0768     		ldr	r7, [r0]
 499 0006 87B0     		sub	sp, sp, #28
 500 0008 0446     		mov	r4, r0
 501 000a 3846     		mov	r0, r7
 502 000c FFF7FEFF 		bl	USB_GetMode
 503 0010 10B1     		cbz	r0, .L220
 504              	.L65:
 505 0012 07B0     		add	sp, sp, #28
 506              		@ sp needed
 507 0014 BDE8F08F 		pop	{r4, r5, r6, r7, r8, r9, r10, fp, pc}
 508              	.L220:
 509 0018 8346     		mov	fp, r0
 510 001a 2068     		ldr	r0, [r4]
 511 001c FFF7FEFF 		bl	USB_ReadInterrupts
 512 0020 0028     		cmp	r0, #0
 513 0022 F6D0     		beq	.L65
 514 0024 2068     		ldr	r0, [r4]
 515 0026 FFF7FEFF 		bl	USB_ReadInterrupts
 516 002a 10F0020F 		tst	r0, #2
 517 002e 2068     		ldr	r0, [r4]
 518 0030 1EBF     		ittt	ne
 519 0032 4369     		ldrne	r3, [r0, #20]
 520 0034 03F00203 		andne	r3, r3, #2
 521 0038 4361     		strne	r3, [r0, #20]
 522 003a FFF7FEFF 		bl	USB_ReadInterrupts
 523 003e 10F4002F 		tst	r0, #524288
 524 0042 2068     		ldr	r0, [r4]
 525 0044 40F03481 		bne	.L221
 526              	.L73:
 527 0048 FFF7FEFF 		bl	USB_ReadInterrupts
 528 004c 10F4802F 		tst	r0, #262144
 529 0050 2068     		ldr	r0, [r4]
 530 0052 40F0D280 		bne	.L222
 531              	.L101:
 532 0056 FFF7FEFF 		bl	USB_ReadInterrupts
 533 005a 0028     		cmp	r0, #0
 534 005c 59DB     		blt	.L118
 535 005e 2068     		ldr	r0, [r4]
 536              	.L119:
 537 0060 FFF7FEFF 		bl	USB_ReadInterrupts
 538 0064 0105     		lsls	r1, r0, #20
 539 0066 49D4     		bmi	.L122
 540 0068 2068     		ldr	r0, [r4]
 541              	.L123:
 542 006a FFF7FEFF 		bl	USB_ReadInterrupts
 543 006e C304     		lsls	r3, r0, #19
 544 0070 7AD4     		bmi	.L125
ARM GAS  /tmp/ccDEhSLj.s 			page 10


 545 0072 2068     		ldr	r0, [r4]
 546              	.L126:
 547 0074 FFF7FEFF 		bl	USB_ReadInterrupts
 548 0078 10F4005F 		tst	r0, #8192
 549 007c 2068     		ldr	r0, [r4]
 550 007e 5CD1     		bne	.L133
 551              	.L134:
 552 0080 FFF7FEFF 		bl	USB_ReadInterrupts
 553 0084 10F0100F 		tst	r0, #16
 554 0088 2068     		ldr	r0, [r4]
 555 008a 12D0     		beq	.L136
 556 008c 8369     		ldr	r3, [r0, #24]
 557 008e 23F01003 		bic	r3, r3, #16
 558 0092 8361     		str	r3, [r0, #24]
 559 0094 3D6A     		ldr	r5, [r7, #32]
 560 0096 C5F34343 		ubfx	r3, r5, #17, #4
 561 009a 022B     		cmp	r3, #2
 562 009c 05F00F06 		and	r6, r5, #15
 563 00a0 00F02282 		beq	.L223
 564 00a4 062B     		cmp	r3, #6
 565 00a6 00F07881 		beq	.L224
 566              	.L138:
 567 00aa 8369     		ldr	r3, [r0, #24]
 568 00ac 43F01003 		orr	r3, r3, #16
 569 00b0 8361     		str	r3, [r0, #24]
 570              	.L136:
 571 00b2 FFF7FEFF 		bl	USB_ReadInterrupts
 572 00b6 0707     		lsls	r7, r0, #28
 573 00b8 00F15481 		bmi	.L139
 574 00bc 2068     		ldr	r0, [r4]
 575              	.L140:
 576 00be FFF7FEFF 		bl	USB_ReadInterrupts
 577 00c2 C602     		lsls	r6, r0, #11
 578 00c4 00F14481 		bmi	.L141
 579 00c8 2068     		ldr	r0, [r4]
 580              	.L142:
 581 00ca FFF7FEFF 		bl	USB_ReadInterrupts
 582 00ce 8502     		lsls	r5, r0, #10
 583 00d0 00F13481 		bmi	.L143
 584 00d4 2068     		ldr	r0, [r4]
 585              	.L144:
 586 00d6 FFF7FEFF 		bl	USB_ReadInterrupts
 587 00da 4000     		lsls	r0, r0, #1
 588 00dc 00F12581 		bmi	.L145
 589 00e0 2068     		ldr	r0, [r4]
 590              	.L146:
 591 00e2 FFF7FEFF 		bl	USB_ReadInterrupts
 592 00e6 4107     		lsls	r1, r0, #29
 593 00e8 93D5     		bpl	.L65
 594 00ea 2368     		ldr	r3, [r4]
 595 00ec 5D68     		ldr	r5, [r3, #4]
 596 00ee 6A07     		lsls	r2, r5, #29
 597 00f0 00F11B82 		bmi	.L225
 598              	.L147:
 599 00f4 5A68     		ldr	r2, [r3, #4]
 600 00f6 2A43     		orrs	r2, r2, r5
 601 00f8 5A60     		str	r2, [r3, #4]
ARM GAS  /tmp/ccDEhSLj.s 			page 11


 602 00fa 8AE7     		b	.L65
 603              	.L122:
 604 00fc D7F80838 		ldr	r3, [r7, #2056]
 605 0100 DA07     		lsls	r2, r3, #31
 606 0102 00F10E82 		bmi	.L226
 607              	.L124:
 608 0106 2068     		ldr	r0, [r4]
 609 0108 4369     		ldr	r3, [r0, #20]
 610 010a 03F40063 		and	r3, r3, #2048
 611 010e 4361     		str	r3, [r0, #20]
 612 0110 ABE7     		b	.L123
 613              	.L118:
 614 0112 D7F80428 		ldr	r2, [r7, #2052]
 615 0116 22F00102 		bic	r2, r2, #1
 616 011a C7F80428 		str	r2, [r7, #2052]
 617 011e 94F8F433 		ldrb	r3, [r4, #1012]	@ zero_extendqisi2
 618 0122 012B     		cmp	r3, #1
 619 0124 00F03281 		beq	.L227
 620 0128 2046     		mov	r0, r4
 621 012a FFF7FEFF 		bl	HAL_PCD_ResumeCallback
 622              	.L121:
 623 012e 2068     		ldr	r0, [r4]
 624 0130 4369     		ldr	r3, [r0, #20]
 625 0132 03F00043 		and	r3, r3, #-2147483648
 626 0136 4361     		str	r3, [r0, #20]
 627 0138 92E7     		b	.L119
 628              	.L133:
 629 013a FFF7FEFF 		bl	USB_ActivateSetup
 630 013e 2068     		ldr	r0, [r4]
 631 0140 FFF7FEFF 		bl	USB_GetDevSpeed
 632 0144 E060     		str	r0, [r4, #12]
 633 0146 2568     		ldr	r5, [r4]
 634 0148 FFF7FEFF 		bl	HAL_RCC_GetHCLKFreq
 635 014c 227B     		ldrb	r2, [r4, #12]	@ zero_extendqisi2
 636 014e 0146     		mov	r1, r0
 637 0150 2846     		mov	r0, r5
 638 0152 FFF7FEFF 		bl	USB_SetTurnaroundTime
 639 0156 2046     		mov	r0, r4
 640 0158 FFF7FEFF 		bl	HAL_PCD_ResetCallback
 641 015c 2068     		ldr	r0, [r4]
 642 015e 4369     		ldr	r3, [r0, #20]
 643 0160 03F40053 		and	r3, r3, #8192
 644 0164 4361     		str	r3, [r0, #20]
 645 0166 8BE7     		b	.L134
 646              	.L125:
 647 0168 D7F80438 		ldr	r3, [r7, #2052]
 648 016c 2068     		ldr	r0, [r4]
 649 016e 23F00103 		bic	r3, r3, #1
 650 0172 1021     		movs	r1, #16
 651 0174 C7F80438 		str	r3, [r7, #2052]
 652 0178 FFF7FEFF 		bl	USB_FlushTxFifo
 653 017c 6068     		ldr	r0, [r4, #4]
 654 017e 07F50065 		add	r5, r7, #2048
 655 0182 B0B1     		cbz	r0, .L131
 656 0184 07F51063 		add	r3, r7, #2304
 657 0188 4FF67F31 		movw	r1, #64383
 658              	.L130:
ARM GAS  /tmp/ccDEhSLj.s 			page 12


 659 018c 9960     		str	r1, [r3, #8]
 660 018e 1A68     		ldr	r2, [r3]
 661 0190 22F40012 		bic	r2, r2, #2097152
 662 0194 1A60     		str	r2, [r3]
 663 0196 C3F80812 		str	r1, [r3, #520]
 664 019a D3F80022 		ldr	r2, [r3, #512]
 665 019e 0BF1010B 		add	fp, fp, #1
 666 01a2 22F40012 		bic	r2, r2, #2097152
 667 01a6 8345     		cmp	fp, r0
 668 01a8 C3F80022 		str	r2, [r3, #512]
 669 01ac 03F12003 		add	r3, r3, #32
 670 01b0 ECD1     		bne	.L130
 671              	.L131:
 672 01b2 EB69     		ldr	r3, [r5, #28]
 673 01b4 226B     		ldr	r2, [r4, #48]
 674 01b6 43F00113 		orr	r3, r3, #65537
 675 01ba EB61     		str	r3, [r5, #28]
 676 01bc 002A     		cmp	r2, #0
 677 01be 40F0DA80 		bne	.L128
 678 01c2 6B69     		ldr	r3, [r5, #20]
 679 01c4 43F40053 		orr	r3, r3, #8192
 680 01c8 43F02B03 		orr	r3, r3, #43
 681 01cc 6B61     		str	r3, [r5, #20]
 682 01ce 2B69     		ldr	r3, [r5, #16]
 683 01d0 43F00B03 		orr	r3, r3, #11
 684 01d4 2B61     		str	r3, [r5, #16]
 685              	.L132:
 686 01d6 D7F80038 		ldr	r3, [r7, #2048]
 687 01da 217C     		ldrb	r1, [r4, #16]	@ zero_extendqisi2
 688 01dc 2068     		ldr	r0, [r4]
 689 01de 23F4FE63 		bic	r3, r3, #2032
 690 01e2 C7F80038 		str	r3, [r7, #2048]
 691 01e6 04F57172 		add	r2, r4, #964
 692 01ea FFF7FEFF 		bl	USB_EP0_OutStart
 693 01ee 2068     		ldr	r0, [r4]
 694 01f0 4369     		ldr	r3, [r0, #20]
 695 01f2 03F48053 		and	r3, r3, #4096
 696 01f6 4361     		str	r3, [r0, #20]
 697 01f8 3CE7     		b	.L126
 698              	.L222:
 699 01fa FFF7FEFF 		bl	USB_ReadDevAllInEpInterrupt
 700 01fe 8046     		mov	r8, r0
 701 0200 2068     		ldr	r0, [r4]
 702 0202 B8F1000F 		cmp	r8, #0
 703 0206 3FF426AF 		beq	.L101
 704 020a CDE9027B 		strd	r7, fp, [sp, #8]
 705 020e 2646     		mov	r6, r4
 706 0210 07F51069 		add	r9, r7, #2304
 707 0214 4FF0000A 		mov	r10, #0
 708 0218 09E0     		b	.L117
 709              	.L102:
 710 021a 5FEA5808 		lsrs	r8, r8, #1
 711 021e 0AF1010A 		add	r10, r10, #1
 712 0222 06F11C06 		add	r6, r6, #28
 713 0226 09F12009 		add	r9, r9, #32
 714 022a 00F0C980 		beq	.L228
 715              	.L117:
ARM GAS  /tmp/ccDEhSLj.s 			page 13


 716 022e 18F0010F 		tst	r8, #1
 717 0232 F2D0     		beq	.L102
 718 0234 5FFA8AF7 		uxtb	r7, r10
 719 0238 3946     		mov	r1, r7
 720 023a FFF7FEFF 		bl	USB_ReadDevInEPInterrupt
 721 023e C307     		lsls	r3, r0, #31
 722 0240 0546     		mov	r5, r0
 723 0242 1CD5     		bpl	.L104
 724 0244 0299     		ldr	r1, [sp, #8]
 725 0246 0120     		movs	r0, #1
 726 0248 D1F83438 		ldr	r3, [r1, #2100]
 727 024c 0AF00F02 		and	r2, r10, #15
 728 0250 00FA02F2 		lsl	r2, r0, r2
 729 0254 23EA0203 		bic	r3, r3, r2
 730 0258 C1F83438 		str	r3, [r1, #2100]
 731 025c 2369     		ldr	r3, [r4, #16]
 732 025e C9F80800 		str	r0, [r9, #8]
 733 0262 8342     		cmp	r3, r0
 734 0264 03D1     		bne	.L105
 735 0266 D6E91123 		ldrd	r2, r3, [r6, #68]
 736 026a 1344     		add	r3, r3, r2
 737 026c B364     		str	r3, [r6, #72]
 738              	.L105:
 739 026e 3946     		mov	r1, r7
 740 0270 2046     		mov	r0, r4
 741 0272 FFF7FEFF 		bl	HAL_PCD_DataInStageCallback
 742 0276 2169     		ldr	r1, [r4, #16]
 743 0278 0129     		cmp	r1, #1
 744 027a 00F05B81 		beq	.L229
 745              	.L104:
 746 027e 2807     		lsls	r0, r5, #28
 747 0280 44BF     		itt	mi
 748 0282 0823     		movmi	r3, #8
 749 0284 C9F80830 		strmi	r3, [r9, #8]
 750 0288 E906     		lsls	r1, r5, #27
 751 028a 44BF     		itt	mi
 752 028c 1023     		movmi	r3, #16
 753 028e C9F80830 		strmi	r3, [r9, #8]
 754 0292 6A06     		lsls	r2, r5, #25
 755 0294 44BF     		itt	mi
 756 0296 4023     		movmi	r3, #64
 757 0298 C9F80830 		strmi	r3, [r9, #8]
 758 029c AB07     		lsls	r3, r5, #30
 759 029e 44BF     		itt	mi
 760 02a0 0223     		movmi	r3, #2
 761 02a2 C9F80830 		strmi	r3, [r9, #8]
 762 02a6 2806     		lsls	r0, r5, #24
 763 02a8 00F18F80 		bmi	.L111
 764 02ac 2068     		ldr	r0, [r4]
 765 02ae B4E7     		b	.L102
 766              	.L221:
 767 02b0 FFF7FEFF 		bl	USB_ReadDevAllOutEpInterrupt
 768 02b4 0546     		mov	r5, r0
 769 02b6 2068     		ldr	r0, [r4]
 770 02b8 002D     		cmp	r5, #0
 771 02ba 3FF4C5AE 		beq	.L73
 772 02be 07F53066 		add	r6, r7, #2816
ARM GAS  /tmp/ccDEhSLj.s 			page 14


 773 02c2 A246     		mov	r10, r4
 774 02c4 4FF00008 		mov	r8, #0
 775 02c8 0397     		str	r7, [sp, #12]
 776 02ca 07E0     		b	.L98
 777              	.L74:
 778 02cc 6D08     		lsrs	r5, r5, #1
 779 02ce 08F10108 		add	r8, r8, #1
 780 02d2 06F12006 		add	r6, r6, #32
 781 02d6 0AF11C0A 		add	r10, r10, #28
 782 02da 74D0     		beq	.L230
 783              	.L98:
 784 02dc EB07     		lsls	r3, r5, #31
 785 02de F5D5     		bpl	.L74
 786 02e0 5FFA88F1 		uxtb	r1, r8
 787 02e4 0291     		str	r1, [sp, #8]
 788 02e6 FFF7FEFF 		bl	USB_ReadDevOutEPInterrupt
 789 02ea 10F0010F 		tst	r0, #1
 790 02ee 0299     		ldr	r1, [sp, #8]
 791 02f0 8146     		mov	r9, r0
 792 02f2 40F0BF80 		bne	.L231
 793              	.L76:
 794 02f6 19F0080F 		tst	r9, #8
 795 02fa 40F0E480 		bne	.L89
 796              	.L216:
 797 02fe 2068     		ldr	r0, [r4]
 798              	.L87:
 799 0300 19F0100F 		tst	r9, #16
 800 0304 1CBF     		itt	ne
 801 0306 1023     		movne	r3, #16
 802 0308 B360     		strne	r3, [r6, #8]
 803 030a 19F0200F 		tst	r9, #32
 804 030e 05D0     		beq	.L96
 805 0310 2169     		ldr	r1, [r4, #16]
 806 0312 0129     		cmp	r1, #1
 807 0314 00F05881 		beq	.L232
 808              	.L97:
 809 0318 2023     		movs	r3, #32
 810 031a B360     		str	r3, [r6, #8]
 811              	.L96:
 812 031c 19F4005F 		tst	r9, #8192
 813 0320 1CBF     		itt	ne
 814 0322 4FF40053 		movne	r3, #8192
 815 0326 B360     		strne	r3, [r6, #8]
 816 0328 D0E7     		b	.L74
 817              	.L145:
 818 032a 2046     		mov	r0, r4
 819 032c FFF7FEFF 		bl	HAL_PCD_ConnectCallback
 820 0330 2068     		ldr	r0, [r4]
 821 0332 4369     		ldr	r3, [r0, #20]
 822 0334 03F08043 		and	r3, r3, #1073741824
 823 0338 4361     		str	r3, [r0, #20]
 824 033a D2E6     		b	.L146
 825              	.L143:
 826 033c 2046     		mov	r0, r4
 827 033e 0021     		movs	r1, #0
 828 0340 FFF7FEFF 		bl	HAL_PCD_ISOOUTIncompleteCallback
 829 0344 2068     		ldr	r0, [r4]
ARM GAS  /tmp/ccDEhSLj.s 			page 15


 830 0346 4369     		ldr	r3, [r0, #20]
 831 0348 03F40013 		and	r3, r3, #2097152
 832 034c 4361     		str	r3, [r0, #20]
 833 034e C2E6     		b	.L144
 834              	.L141:
 835 0350 2046     		mov	r0, r4
 836 0352 0021     		movs	r1, #0
 837 0354 FFF7FEFF 		bl	HAL_PCD_ISOINIncompleteCallback
 838 0358 2068     		ldr	r0, [r4]
 839 035a 4369     		ldr	r3, [r0, #20]
 840 035c 03F48013 		and	r3, r3, #1048576
 841 0360 4361     		str	r3, [r0, #20]
 842 0362 B2E6     		b	.L142
 843              	.L139:
 844 0364 2046     		mov	r0, r4
 845 0366 FFF7FEFF 		bl	HAL_PCD_SOFCallback
 846 036a 2068     		ldr	r0, [r4]
 847 036c 4369     		ldr	r3, [r0, #20]
 848 036e 03F00803 		and	r3, r3, #8
 849 0372 4361     		str	r3, [r0, #20]
 850 0374 A3E6     		b	.L140
 851              	.L128:
 852 0376 D5F88430 		ldr	r3, [r5, #132]
 853 037a 43F00B03 		orr	r3, r3, #11
 854 037e C5F88430 		str	r3, [r5, #132]
 855 0382 6B6C     		ldr	r3, [r5, #68]
 856 0384 43F00B03 		orr	r3, r3, #11
 857 0388 6B64     		str	r3, [r5, #68]
 858 038a 24E7     		b	.L132
 859              	.L227:
 860 038c 0021     		movs	r1, #0
 861 038e 84F8F413 		strb	r1, [r4, #1012]
 862 0392 2046     		mov	r0, r4
 863 0394 FFF7FEFF 		bl	HAL_PCDEx_LPM_Callback
 864 0398 C9E6     		b	.L121
 865              	.L224:
 866 039a 0822     		movs	r2, #8
 867 039c 04F57171 		add	r1, r4, #964
 868 03a0 3846     		mov	r0, r7
 869 03a2 C6EBC606 		rsb	r6, r6, r6, lsl #3
 870 03a6 FFF7FEFF 		bl	USB_ReadPacket
 871 03aa 04EB8602 		add	r2, r4, r6, lsl #2
 872 03ae C5F30A13 		ubfx	r3, r5, #4, #11
 873 03b2 D2F81412 		ldr	r1, [r2, #532]
 874 03b6 2068     		ldr	r0, [r4]
 875 03b8 0B44     		add	r3, r3, r1
 876 03ba C2F81432 		str	r3, [r2, #532]
 877 03be 74E6     		b	.L138
 878              	.L228:
 879 03c0 DDE9027B 		ldrd	r7, fp, [sp, #8]
 880 03c4 47E6     		b	.L101
 881              	.L230:
 882 03c6 039F     		ldr	r7, [sp, #12]
 883 03c8 3EE6     		b	.L73
 884              	.L111:
 885 03ca D6E91453 		ldrd	r5, r3, [r6, #80]
 886 03ce D4F800B0 		ldr	fp, [r4]
ARM GAS  /tmp/ccDEhSLj.s 			page 16


 887 03d2 AB42     		cmp	r3, r5
 888 03d4 5846     		mov	r0, fp
 889 03d6 3FF620AF 		bhi	.L102
 890 03da 0BF51062 		add	r2, fp, #2304
 891 03de 02EB4A12 		add	r2, r2, r10, lsl #5
 892 03e2 1146     		mov	r1, r2
 893 03e4 9646     		mov	lr, r2
 894 03e6 726C     		ldr	r2, [r6, #68]
 895 03e8 8969     		ldr	r1, [r1, #24]
 896 03ea CDF814B0 		str	fp, [sp, #20]
 897 03ee A5EB030C 		sub	ip, r5, r3
 898 03f2 6245     		cmp	r2, ip
 899 03f4 28BF     		it	cs
 900 03f6 6246     		movcs	r2, ip
 901 03f8 89B2     		uxth	r1, r1
 902 03fa 0332     		adds	r2, r2, #3
 903 03fc B1EB920F 		cmp	r1, r2, lsr #2
 904 0400 C0F0DE80 		bcc	.L113
 905 0404 CDF81080 		str	r8, [sp, #16]
 906 0408 A046     		mov	r8, r4
 907 040a 7446     		mov	r4, lr
 908 040c 1AE0     		b	.L112
 909              	.L115:
 910 040e 736C     		ldr	r3, [r6, #68]
 911 0410 B16C     		ldr	r1, [r6, #72]
 912 0412 9D42     		cmp	r5, r3
 913 0414 28BF     		it	cs
 914 0416 1D46     		movcs	r5, r3
 915 0418 98F81030 		ldrb	r3, [r8, #16]	@ zero_extendqisi2
 916 041c 0093     		str	r3, [sp]
 917 041e 3A46     		mov	r2, r7
 918 0420 ABB2     		uxth	r3, r5
 919 0422 5846     		mov	r0, fp
 920 0424 FFF7FEFF 		bl	USB_WritePacket
 921 0428 B36C     		ldr	r3, [r6, #72]
 922 042a A169     		ldr	r1, [r4, #24]
 923 042c 2B44     		add	r3, r3, r5
 924 042e B364     		str	r3, [r6, #72]
 925 0430 736D     		ldr	r3, [r6, #84]
 926 0432 89B2     		uxth	r1, r1
 927 0434 2B44     		add	r3, r3, r5
 928 0436 0335     		adds	r5, r5, #3
 929 0438 B1EB950F 		cmp	r1, r5, lsr #2
 930 043c 7365     		str	r3, [r6, #84]
 931 043e C0F0B880 		bcc	.L233
 932 0442 356D     		ldr	r5, [r6, #80]
 933              	.L112:
 934 0444 9D42     		cmp	r5, r3
 935 0446 A5EB0305 		sub	r5, r5, r3
 936 044a E0D8     		bhi	.L115
 937 044c 4446     		mov	r4, r8
 938 044e DDF81080 		ldr	r8, [sp, #16]
 939 0452 D4F800B0 		ldr	fp, [r4]
 940              	.L116:
 941 0456 059B     		ldr	r3, [sp, #20]
 942 0458 0AF00F02 		and	r2, r10, #15
 943 045c 03F50061 		add	r1, r3, #2048
ARM GAS  /tmp/ccDEhSLj.s 			page 17


 944 0460 0125     		movs	r5, #1
 945 0462 D3F83438 		ldr	r3, [r3, #2100]
 946 0466 05FA02F2 		lsl	r2, r5, r2
 947 046a 23EA0203 		bic	r3, r3, r2
 948 046e 5846     		mov	r0, fp
 949 0470 4B63     		str	r3, [r1, #52]
 950 0472 D2E6     		b	.L102
 951              	.L231:
 952 0474 2068     		ldr	r0, [r4]
 953 0476 2769     		ldr	r7, [r4, #16]
 954 0478 0123     		movs	r3, #1
 955 047a B360     		str	r3, [r6, #8]
 956 047c 00F53063 		add	r3, r0, #2816
 957 0480 03EB4813 		add	r3, r3, r8, lsl #5
 958 0484 012F     		cmp	r7, #1
 959 0486 D0F840E0 		ldr	lr, [r0, #64]
 960 048a 9A68     		ldr	r2, [r3, #8]
 961 048c 79D0     		beq	.L234
 962 048e 6D4F     		ldr	r7, .L235
 963 0490 BE45     		cmp	lr, r7
 964 0492 72D1     		bne	.L84
 965 0494 1704     		lsls	r7, r2, #16
 966 0496 6CD5     		bpl	.L85
 967 0498 4FF40042 		mov	r2, #32768
 968 049c 19F0080F 		tst	r9, #8
 969 04a0 9A60     		str	r2, [r3, #8]
 970 04a2 3FF42DAF 		beq	.L87
 971 04a6 026C     		ldr	r2, [r0, #64]
 972 04a8 9868     		ldr	r0, [r3, #8]
 973              	.L149:
 974 04aa 6649     		ldr	r1, .L235
 975 04ac 8A42     		cmp	r2, r1
 976 04ae 4FD0     		beq	.L219
 977 04b0 2046     		mov	r0, r4
 978 04b2 0292     		str	r2, [sp, #8]
 979 04b4 FFF7FEFF 		bl	HAL_PCD_SetupStageCallback
 980 04b8 634B     		ldr	r3, .L235+4
 981 04ba 029A     		ldr	r2, [sp, #8]
 982 04bc 9A42     		cmp	r2, r3
 983 04be 4FD8     		bhi	.L148
 984              	.L94:
 985 04c0 0823     		movs	r3, #8
 986 04c2 B360     		str	r3, [r6, #8]
 987 04c4 1BE7     		b	.L216
 988              	.L89:
 989 04c6 2268     		ldr	r2, [r4]
 990 04c8 2169     		ldr	r1, [r4, #16]
 991 04ca 02F53063 		add	r3, r2, #2816
 992 04ce 03EB4813 		add	r3, r3, r8, lsl #5
 993 04d2 0129     		cmp	r1, #1
 994 04d4 126C     		ldr	r2, [r2, #64]
 995 04d6 9868     		ldr	r0, [r3, #8]
 996 04d8 E7D1     		bne	.L149
 997              	.L150:
 998 04da 5B49     		ldr	r1, .L235+4
 999 04dc 8A42     		cmp	r2, r1
 1000 04de 37D8     		bhi	.L219
ARM GAS  /tmp/ccDEhSLj.s 			page 18


 1001 04e0 2046     		mov	r0, r4
 1002 04e2 FFF7FEFF 		bl	HAL_PCD_SetupStageCallback
 1003 04e6 EBE7     		b	.L94
 1004              	.L223:
 1005 04e8 47F6F073 		movw	r3, #32752
 1006 04ec 1D42     		tst	r5, r3
 1007 04ee 3FF4DCAD 		beq	.L138
 1008 04f2 C6EBC606 		rsb	r6, r6, r6, lsl #3
 1009 04f6 04EB8606 		add	r6, r4, r6, lsl #2
 1010 04fa 3846     		mov	r0, r7
 1011 04fc C5F30A17 		ubfx	r7, r5, #4, #11
 1012 0500 3A46     		mov	r2, r7
 1013 0502 D6F80812 		ldr	r1, [r6, #520]
 1014 0506 FFF7FEFF 		bl	USB_ReadPacket
 1015 050a D6F80822 		ldr	r2, [r6, #520]
 1016 050e D6F81432 		ldr	r3, [r6, #532]
 1017 0512 2068     		ldr	r0, [r4]
 1018 0514 3A44     		add	r2, r2, r7
 1019 0516 3B44     		add	r3, r3, r7
 1020 0518 C6F80822 		str	r2, [r6, #520]
 1021 051c C6F81432 		str	r3, [r6, #532]
 1022 0520 C3E5     		b	.L138
 1023              	.L226:
 1024 0522 2046     		mov	r0, r4
 1025 0524 FFF7FEFF 		bl	HAL_PCD_SuspendCallback
 1026 0528 EDE5     		b	.L124
 1027              	.L225:
 1028 052a 2046     		mov	r0, r4
 1029 052c FFF7FEFF 		bl	HAL_PCD_DisconnectCallback
 1030 0530 2368     		ldr	r3, [r4]
 1031 0532 DFE5     		b	.L147
 1032              	.L229:
 1033 0534 BAF1000F 		cmp	r10, #0
 1034 0538 7FF4A1AE 		bne	.L104
 1035 053c 236D     		ldr	r3, [r4, #80]
 1036 053e 002B     		cmp	r3, #0
 1037 0540 7FF49DAE 		bne	.L104
 1038 0544 2068     		ldr	r0, [r4]
 1039 0546 04F57172 		add	r2, r4, #964
 1040 054a FFF7FEFF 		bl	USB_EP0_OutStart
 1041 054e 96E6     		b	.L104
 1042              	.L219:
 1043 0550 0204     		lsls	r2, r0, #16
 1044 0552 02D5     		bpl	.L92
 1045 0554 4FF40042 		mov	r2, #32768
 1046 0558 9A60     		str	r2, [r3, #8]
 1047              	.L92:
 1048 055a 2046     		mov	r0, r4
 1049 055c FFF7FEFF 		bl	HAL_PCD_SetupStageCallback
 1050              	.L148:
 1051 0560 2169     		ldr	r1, [r4, #16]
 1052 0562 0129     		cmp	r1, #1
 1053 0564 ACD1     		bne	.L94
 1054 0566 2068     		ldr	r0, [r4]
 1055 0568 04F57172 		add	r2, r4, #964
 1056 056c FFF7FEFF 		bl	USB_EP0_OutStart
 1057 0570 A6E7     		b	.L94
ARM GAS  /tmp/ccDEhSLj.s 			page 19


 1058              	.L85:
 1059 0572 9006     		lsls	r0, r2, #26
 1060 0574 44BF     		itt	mi
 1061 0576 2022     		movmi	r2, #32
 1062 0578 9A60     		strmi	r2, [r3, #8]
 1063              	.L84:
 1064 057a 2046     		mov	r0, r4
 1065 057c FFF7FEFF 		bl	HAL_PCD_DataOutStageCallback
 1066 0580 B9E6     		b	.L76
 1067              	.L234:
 1068 0582 1707     		lsls	r7, r2, #28
 1069 0584 26D5     		bpl	.L78
 1070 0586 3049     		ldr	r1, .L235+4
 1071 0588 8E45     		cmp	lr, r1
 1072 058a 04D9     		bls	.L79
 1073 058c 1204     		lsls	r2, r2, #16
 1074 058e 44BF     		itt	mi
 1075 0590 4FF40042 		movmi	r2, #32768
 1076 0594 9A60     		strmi	r2, [r3, #8]
 1077              	.L79:
 1078 0596 2046     		mov	r0, r4
 1079 0598 0293     		str	r3, [sp, #8]
 1080 059a FFF7FEFF 		bl	HAL_PCD_SetupStageCallback
 1081 059e 04F57172 		add	r2, r4, #964
 1082 05a2 2068     		ldr	r0, [r4]
 1083 05a4 0121     		movs	r1, #1
 1084 05a6 FFF7FEFF 		bl	USB_EP0_OutStart
 1085 05aa 029B     		ldr	r3, [sp, #8]
 1086 05ac 0822     		movs	r2, #8
 1087 05ae 9A60     		str	r2, [r3, #8]
 1088 05b0 A1E6     		b	.L76
 1089              	.L233:
 1090 05b2 4446     		mov	r4, r8
 1091 05b4 356D     		ldr	r5, [r6, #80]
 1092 05b6 D4F800B0 		ldr	fp, [r4]
 1093 05ba DDF81080 		ldr	r8, [sp, #16]
 1094 05be 5846     		mov	r0, fp
 1095              	.L113:
 1096 05c0 9D42     		cmp	r5, r3
 1097 05c2 3FF62AAE 		bhi	.L102
 1098 05c6 46E7     		b	.L116
 1099              	.L232:
 1100 05c8 04F57172 		add	r2, r4, #964
 1101 05cc FFF7FEFF 		bl	USB_EP0_OutStart
 1102 05d0 2068     		ldr	r0, [r4]
 1103 05d2 A1E6     		b	.L97
 1104              	.L78:
 1105 05d4 9706     		lsls	r7, r2, #26
 1106 05d6 08D5     		bpl	.L80
 1107 05d8 2022     		movs	r2, #32
 1108 05da 9A60     		str	r2, [r3, #8]
 1109              	.L81:
 1110 05dc 19F0080F 		tst	r9, #8
 1111 05e0 3FF48EAE 		beq	.L87
 1112 05e4 026C     		ldr	r2, [r0, #64]
 1113 05e6 9868     		ldr	r0, [r3, #8]
 1114 05e8 77E7     		b	.L150
ARM GAS  /tmp/ccDEhSLj.s 			page 20


 1115              	.L80:
 1116 05ea 12F0280F 		tst	r2, #40
 1117 05ee F5D1     		bne	.L81
 1118 05f0 154F     		ldr	r7, .L235+4
 1119 05f2 BE45     		cmp	lr, r7
 1120 05f4 05D9     		bls	.L82
 1121 05f6 1204     		lsls	r2, r2, #16
 1122 05f8 03D5     		bpl	.L82
 1123 05fa 4FF40042 		mov	r2, #32768
 1124 05fe 9A60     		str	r2, [r3, #8]
 1125 0600 ECE7     		b	.L81
 1126              	.L82:
 1127 0602 1B69     		ldr	r3, [r3, #16]
 1128 0604 DAF80422 		ldr	r2, [r10, #516]
 1129 0608 C3F31203 		ubfx	r3, r3, #0, #19
 1130 060c D31A     		subs	r3, r2, r3
 1131 060e CAF81432 		str	r3, [r10, #532]
 1132 0612 DAF80832 		ldr	r3, [r10, #520]
 1133 0616 1344     		add	r3, r3, r2
 1134 0618 CAF80832 		str	r3, [r10, #520]
 1135 061c 2046     		mov	r0, r4
 1136 061e FFF7FEFF 		bl	HAL_PCD_DataOutStageCallback
 1137 0622 B8F1000F 		cmp	r8, #0
 1138 0626 7FF466AE 		bne	.L76
 1139 062a D4F81032 		ldr	r3, [r4, #528]
 1140 062e 002B     		cmp	r3, #0
 1141 0630 7FF461AE 		bne	.L76
 1142 0634 2068     		ldr	r0, [r4]
 1143 0636 04F57172 		add	r2, r4, #964
 1144 063a 0121     		movs	r1, #1
 1145 063c FFF7FEFF 		bl	USB_EP0_OutStart
 1146 0640 59E6     		b	.L76
 1147              	.L236:
 1148 0642 00BF     		.align	2
 1149              	.L235:
 1150 0644 0A31544F 		.word	1330917642
 1151 0648 0A30544F 		.word	1330917386
 1153              		.section	.text.HAL_PCD_DevConnect,"ax",%progbits
 1154              		.align	1
 1155              		.p2align 2,,3
 1156              		.global	HAL_PCD_DevConnect
 1157              		.syntax unified
 1158              		.thumb
 1159              		.thumb_func
 1160              		.fpu fpv4-sp-d16
 1162              	HAL_PCD_DevConnect:
 1163              		@ args = 0, pretend = 0, frame = 0
 1164              		@ frame_needed = 0, uses_anonymous_args = 0
 1165 0000 10B5     		push	{r4, lr}
 1166 0002 90F8BC33 		ldrb	r3, [r0, #956]	@ zero_extendqisi2
 1167 0006 012B     		cmp	r3, #1
 1168 0008 0446     		mov	r4, r0
 1169 000a 0068     		ldr	r0, [r0]
 1170 000c 13D0     		beq	.L240
 1171 000e A36A     		ldr	r3, [r4, #40]
 1172 0010 0122     		movs	r2, #1
 1173 0012 9342     		cmp	r3, r2
ARM GAS  /tmp/ccDEhSLj.s 			page 21


 1174 0014 84F8BC23 		strb	r2, [r4, #956]
 1175 0018 05D0     		beq	.L245
 1176              	.L239:
 1177 001a FFF7FEFF 		bl	USB_DevConnect
 1178 001e 0020     		movs	r0, #0
 1179 0020 84F8BC03 		strb	r0, [r4, #956]
 1180 0024 10BD     		pop	{r4, pc}
 1181              	.L245:
 1182 0026 A369     		ldr	r3, [r4, #24]
 1183 0028 9342     		cmp	r3, r2
 1184 002a F6D0     		beq	.L239
 1185 002c 836B     		ldr	r3, [r0, #56]
 1186 002e 43F48033 		orr	r3, r3, #65536
 1187 0032 8363     		str	r3, [r0, #56]
 1188 0034 F1E7     		b	.L239
 1189              	.L240:
 1190 0036 0220     		movs	r0, #2
 1191 0038 10BD     		pop	{r4, pc}
 1193 003a 00BF     		.section	.text.HAL_PCD_DevDisconnect,"ax",%progbits
 1194              		.align	1
 1195              		.p2align 2,,3
 1196              		.global	HAL_PCD_DevDisconnect
 1197              		.syntax unified
 1198              		.thumb
 1199              		.thumb_func
 1200              		.fpu fpv4-sp-d16
 1202              	HAL_PCD_DevDisconnect:
 1203              		@ args = 0, pretend = 0, frame = 0
 1204              		@ frame_needed = 0, uses_anonymous_args = 0
 1205 0000 90F8BC33 		ldrb	r3, [r0, #956]	@ zero_extendqisi2
 1206 0004 012B     		cmp	r3, #1
 1207 0006 0BD0     		beq	.L248
 1208 0008 10B5     		push	{r4, lr}
 1209 000a 0446     		mov	r4, r0
 1210 000c 0123     		movs	r3, #1
 1211 000e 0068     		ldr	r0, [r0]
 1212 0010 84F8BC33 		strb	r3, [r4, #956]
 1213 0014 FFF7FEFF 		bl	USB_DevDisconnect
 1214 0018 0020     		movs	r0, #0
 1215 001a 84F8BC03 		strb	r0, [r4, #956]
 1216 001e 10BD     		pop	{r4, pc}
 1217              	.L248:
 1218 0020 0220     		movs	r0, #2
 1219 0022 7047     		bx	lr
 1221              		.section	.text.HAL_PCD_SetAddress,"ax",%progbits
 1222              		.align	1
 1223              		.p2align 2,,3
 1224              		.global	HAL_PCD_SetAddress
 1225              		.syntax unified
 1226              		.thumb
 1227              		.thumb_func
 1228              		.fpu fpv4-sp-d16
 1230              	HAL_PCD_SetAddress:
 1231              		@ args = 0, pretend = 0, frame = 0
 1232              		@ frame_needed = 0, uses_anonymous_args = 0
 1233 0000 90F8BC23 		ldrb	r2, [r0, #956]	@ zero_extendqisi2
 1234 0004 012A     		cmp	r2, #1
ARM GAS  /tmp/ccDEhSLj.s 			page 22


 1235 0006 0DD0     		beq	.L255
 1236 0008 10B5     		push	{r4, lr}
 1237 000a 0446     		mov	r4, r0
 1238 000c 0122     		movs	r2, #1
 1239 000e 0068     		ldr	r0, [r0]
 1240 0010 84F8BC23 		strb	r2, [r4, #956]
 1241 0014 84F83810 		strb	r1, [r4, #56]
 1242 0018 FFF7FEFF 		bl	USB_SetDevAddress
 1243 001c 0020     		movs	r0, #0
 1244 001e 84F8BC03 		strb	r0, [r4, #956]
 1245 0022 10BD     		pop	{r4, pc}
 1246              	.L255:
 1247 0024 0220     		movs	r0, #2
 1248 0026 7047     		bx	lr
 1250              		.section	.text.HAL_PCD_EP_Open,"ax",%progbits
 1251              		.align	1
 1252              		.p2align 2,,3
 1253              		.global	HAL_PCD_EP_Open
 1254              		.syntax unified
 1255              		.thumb
 1256              		.thumb_func
 1257              		.fpu fpv4-sp-d16
 1259              	HAL_PCD_EP_Open:
 1260              		@ args = 0, pretend = 0, frame = 0
 1261              		@ frame_needed = 0, uses_anonymous_args = 0
 1262 0000 10B5     		push	{r4, lr}
 1263 0002 01F00F0E 		and	lr, r1, #15
 1264 0006 0906     		lsls	r1, r1, #24
 1265 0008 0446     		mov	r4, r0
 1266 000a 27D4     		bmi	.L271
 1267 000c 4FF01C0C 		mov	ip, #28
 1268 0010 0CFB0E0C 		mla	ip, ip, lr, r0
 1269 0014 0CF5FE71 		add	r1, ip, #508
 1270 0018 CEEBCE0C 		rsb	ip, lr, lr, lsl #3
 1271 001c 00EB8C0C 		add	ip, r0, ip, lsl #2
 1272 0020 0020     		movs	r0, #0
 1273 0022 8CF8FD01 		strb	r0, [ip, #509]
 1274              	.L262:
 1275 0026 8A60     		str	r2, [r1, #8]
 1276 0028 4A78     		ldrb	r2, [r1, #1]	@ zero_extendqisi2
 1277 002a 81F800E0 		strb	lr, [r1]
 1278 002e CB70     		strb	r3, [r1, #3]
 1279 0030 0AB1     		cbz	r2, .L263
 1280 0032 A1F806E0 		strh	lr, [r1, #6]	@ movhi
 1281              	.L263:
 1282 0036 022B     		cmp	r3, #2
 1283 0038 04BF     		itt	eq
 1284 003a 0023     		moveq	r3, #0
 1285 003c 0B71     		strbeq	r3, [r1, #4]
 1286 003e 94F8BC33 		ldrb	r3, [r4, #956]	@ zero_extendqisi2
 1287 0042 012B     		cmp	r3, #1
 1288 0044 18D0     		beq	.L266
 1289 0046 0123     		movs	r3, #1
 1290 0048 84F8BC33 		strb	r3, [r4, #956]
 1291 004c 2068     		ldr	r0, [r4]
 1292 004e FFF7FEFF 		bl	USB_ActivateEndpoint
 1293 0052 0023     		movs	r3, #0
ARM GAS  /tmp/ccDEhSLj.s 			page 23


 1294 0054 84F8BC33 		strb	r3, [r4, #956]
 1295 0058 1846     		mov	r0, r3
 1296 005a 10BD     		pop	{r4, pc}
 1297              	.L271:
 1298 005c 1C20     		movs	r0, #28
 1299 005e 00FB0E40 		mla	r0, r0, lr, r4
 1300 0062 00F13C01 		add	r1, r0, #60
 1301 0066 CEEBCE00 		rsb	r0, lr, lr, lsl #3
 1302 006a 04EB8000 		add	r0, r4, r0, lsl #2
 1303 006e 4FF0010C 		mov	ip, #1
 1304 0072 80F83DC0 		strb	ip, [r0, #61]
 1305 0076 D6E7     		b	.L262
 1306              	.L266:
 1307 0078 0220     		movs	r0, #2
 1308 007a 10BD     		pop	{r4, pc}
 1310              		.section	.text.HAL_PCD_EP_Close,"ax",%progbits
 1311              		.align	1
 1312              		.p2align 2,,3
 1313              		.global	HAL_PCD_EP_Close
 1314              		.syntax unified
 1315              		.thumb
 1316              		.thumb_func
 1317              		.fpu fpv4-sp-d16
 1319              	HAL_PCD_EP_Close:
 1320              		@ args = 0, pretend = 0, frame = 0
 1321              		@ frame_needed = 0, uses_anonymous_args = 0
 1322 0000 01F00F03 		and	r3, r1, #15
 1323 0004 C3EBC302 		rsb	r2, r3, r3, lsl #3
 1324 0008 11F0800F 		tst	r1, #128
 1325 000c 4FF01C01 		mov	r1, #28
 1326 0010 10B5     		push	{r4, lr}
 1327 0012 00EB8202 		add	r2, r0, r2, lsl #2
 1328 0016 0446     		mov	r4, r0
 1329 0018 01FB0301 		mla	r1, r1, r3, r0
 1330 001c 13D1     		bne	.L278
 1331 001e 01F5FE71 		add	r1, r1, #508
 1332 0022 0020     		movs	r0, #0
 1333 0024 82F8FD01 		strb	r0, [r2, #509]
 1334 0028 0B70     		strb	r3, [r1]
 1335 002a 94F8BC33 		ldrb	r3, [r4, #956]	@ zero_extendqisi2
 1336 002e 012B     		cmp	r3, #1
 1337 0030 12D0     		beq	.L276
 1338              	.L279:
 1339 0032 0123     		movs	r3, #1
 1340 0034 2068     		ldr	r0, [r4]
 1341 0036 84F8BC33 		strb	r3, [r4, #956]
 1342 003a FFF7FEFF 		bl	USB_DeactivateEndpoint
 1343 003e 0020     		movs	r0, #0
 1344 0040 84F8BC03 		strb	r0, [r4, #956]
 1345 0044 10BD     		pop	{r4, pc}
 1346              	.L278:
 1347 0046 3C31     		adds	r1, r1, #60
 1348 0048 0120     		movs	r0, #1
 1349 004a 82F83D00 		strb	r0, [r2, #61]
 1350 004e 0B70     		strb	r3, [r1]
 1351 0050 94F8BC33 		ldrb	r3, [r4, #956]	@ zero_extendqisi2
 1352 0054 012B     		cmp	r3, #1
ARM GAS  /tmp/ccDEhSLj.s 			page 24


 1353 0056 ECD1     		bne	.L279
 1354              	.L276:
 1355 0058 0220     		movs	r0, #2
 1356 005a 10BD     		pop	{r4, pc}
 1358              		.section	.text.HAL_PCD_EP_Receive,"ax",%progbits
 1359              		.align	1
 1360              		.p2align 2,,3
 1361              		.global	HAL_PCD_EP_Receive
 1362              		.syntax unified
 1363              		.thumb
 1364              		.thumb_func
 1365              		.fpu fpv4-sp-d16
 1367              	HAL_PCD_EP_Receive:
 1368              		@ args = 0, pretend = 0, frame = 0
 1369              		@ frame_needed = 0, uses_anonymous_args = 0
 1370 0000 10B5     		push	{r4, lr}
 1371 0002 01F00F04 		and	r4, r1, #15
 1372 0006 C4EBC40C 		rsb	ip, r4, r4, lsl #3
 1373 000a 00EB8C0C 		add	ip, r0, ip, lsl #2
 1374 000e 1C21     		movs	r1, #28
 1375 0010 CCF81032 		str	r3, [ip, #528]
 1376 0014 0023     		movs	r3, #0
 1377 0016 CCF80822 		str	r2, [ip, #520]
 1378 001a 8CF8FC41 		strb	r4, [ip, #508]
 1379 001e CCF81432 		str	r3, [ip, #532]
 1380 0022 8CF8FD31 		strb	r3, [ip, #509]
 1381 0026 0369     		ldr	r3, [r0, #16]
 1382 0028 01FB0401 		mla	r1, r1, r4, r0
 1383 002c 012B     		cmp	r3, #1
 1384 002e 08BF     		it	eq
 1385 0030 CCF80C22 		streq	r2, [ip, #524]
 1386 0034 0068     		ldr	r0, [r0]
 1387 0036 01F5FE71 		add	r1, r1, #508
 1388 003a DAB2     		uxtb	r2, r3
 1389 003c 1CB9     		cbnz	r4, .L282
 1390 003e FFF7FEFF 		bl	USB_EP0StartXfer
 1391 0042 0020     		movs	r0, #0
 1392 0044 10BD     		pop	{r4, pc}
 1393              	.L282:
 1394 0046 FFF7FEFF 		bl	USB_EPStartXfer
 1395 004a 0020     		movs	r0, #0
 1396 004c 10BD     		pop	{r4, pc}
 1398 004e 00BF     		.section	.text.HAL_PCD_EP_GetRxCount,"ax",%progbits
 1399              		.align	1
 1400              		.p2align 2,,3
 1401              		.global	HAL_PCD_EP_GetRxCount
 1402              		.syntax unified
 1403              		.thumb
 1404              		.thumb_func
 1405              		.fpu fpv4-sp-d16
 1407              	HAL_PCD_EP_GetRxCount:
 1408              		@ args = 0, pretend = 0, frame = 0
 1409              		@ frame_needed = 0, uses_anonymous_args = 0
 1410              		@ link register save eliminated.
 1411 0000 01F00F01 		and	r1, r1, #15
 1412 0004 C1EBC101 		rsb	r1, r1, r1, lsl #3
 1413 0008 00EB8101 		add	r1, r0, r1, lsl #2
ARM GAS  /tmp/ccDEhSLj.s 			page 25


 1414 000c D1F81402 		ldr	r0, [r1, #532]
 1415 0010 7047     		bx	lr
 1417 0012 00BF     		.section	.text.HAL_PCD_EP_Transmit,"ax",%progbits
 1418              		.align	1
 1419              		.p2align 2,,3
 1420              		.global	HAL_PCD_EP_Transmit
 1421              		.syntax unified
 1422              		.thumb
 1423              		.thumb_func
 1424              		.fpu fpv4-sp-d16
 1426              	HAL_PCD_EP_Transmit:
 1427              		@ args = 0, pretend = 0, frame = 0
 1428              		@ frame_needed = 0, uses_anonymous_args = 0
 1429 0000 10B5     		push	{r4, lr}
 1430 0002 01F00F04 		and	r4, r1, #15
 1431 0006 C4EBC40C 		rsb	ip, r4, r4, lsl #3
 1432 000a 00EB8C0C 		add	ip, r0, ip, lsl #2
 1433 000e 1C21     		movs	r1, #28
 1434 0010 CCF85030 		str	r3, [ip, #80]
 1435 0014 0023     		movs	r3, #0
 1436 0016 CCF85430 		str	r3, [ip, #84]
 1437 001a 0123     		movs	r3, #1
 1438 001c CCF84820 		str	r2, [ip, #72]
 1439 0020 8CF83C40 		strb	r4, [ip, #60]
 1440 0024 8CF83D30 		strb	r3, [ip, #61]
 1441 0028 0369     		ldr	r3, [r0, #16]
 1442 002a 01FB0401 		mla	r1, r1, r4, r0
 1443 002e 012B     		cmp	r3, #1
 1444 0030 08BF     		it	eq
 1445 0032 CCF84C20 		streq	r2, [ip, #76]
 1446 0036 0068     		ldr	r0, [r0]
 1447 0038 3C31     		adds	r1, r1, #60
 1448 003a DAB2     		uxtb	r2, r3
 1449 003c 1CB9     		cbnz	r4, .L288
 1450 003e FFF7FEFF 		bl	USB_EP0StartXfer
 1451 0042 0020     		movs	r0, #0
 1452 0044 10BD     		pop	{r4, pc}
 1453              	.L288:
 1454 0046 FFF7FEFF 		bl	USB_EPStartXfer
 1455 004a 0020     		movs	r0, #0
 1456 004c 10BD     		pop	{r4, pc}
 1458 004e 00BF     		.section	.text.HAL_PCD_EP_SetStall,"ax",%progbits
 1459              		.align	1
 1460              		.p2align 2,,3
 1461              		.global	HAL_PCD_EP_SetStall
 1462              		.syntax unified
 1463              		.thumb
 1464              		.thumb_func
 1465              		.fpu fpv4-sp-d16
 1467              	HAL_PCD_EP_SetStall:
 1468              		@ args = 0, pretend = 0, frame = 0
 1469              		@ frame_needed = 0, uses_anonymous_args = 0
 1470 0000 38B5     		push	{r3, r4, r5, lr}
 1471 0002 4368     		ldr	r3, [r0, #4]
 1472 0004 01F00F05 		and	r5, r1, #15
 1473 0008 9D42     		cmp	r5, r3
 1474 000a 33D8     		bhi	.L296
ARM GAS  /tmp/ccDEhSLj.s 			page 26


 1475 000c 0B06     		lsls	r3, r1, #24
 1476 000e 0446     		mov	r4, r0
 1477 0010 1CD4     		bmi	.L299
 1478 0012 C1EBC103 		rsb	r3, r1, r1, lsl #3
 1479 0016 1C22     		movs	r2, #28
 1480 0018 02FB0101 		mla	r1, r2, r1, r0
 1481 001c 00EB8303 		add	r3, r0, r3, lsl #2
 1482 0020 01F5FE71 		add	r1, r1, #508
 1483 0024 0022     		movs	r2, #0
 1484 0026 83F8FD21 		strb	r2, [r3, #509]
 1485 002a 0123     		movs	r3, #1
 1486 002c 8B70     		strb	r3, [r1, #2]
 1487 002e 0D70     		strb	r5, [r1]
 1488 0030 94F8BC23 		ldrb	r2, [r4, #956]	@ zero_extendqisi2
 1489 0034 9A42     		cmp	r2, r3
 1490 0036 1BD0     		beq	.L297
 1491              	.L301:
 1492 0038 2068     		ldr	r0, [r4]
 1493 003a 84F8BC33 		strb	r3, [r4, #956]
 1494 003e FFF7FEFF 		bl	USB_EPSetStall
 1495 0042 CDB1     		cbz	r5, .L300
 1496              	.L295:
 1497 0044 0020     		movs	r0, #0
 1498 0046 84F8BC03 		strb	r0, [r4, #956]
 1499 004a 38BD     		pop	{r3, r4, r5, pc}
 1500              	.L299:
 1501 004c C5EBC503 		rsb	r3, r5, r5, lsl #3
 1502 0050 1C21     		movs	r1, #28
 1503 0052 01FB0501 		mla	r1, r1, r5, r0
 1504 0056 00EB8303 		add	r3, r0, r3, lsl #2
 1505 005a 0122     		movs	r2, #1
 1506 005c 3C31     		adds	r1, r1, #60
 1507 005e 83F83D20 		strb	r2, [r3, #61]
 1508 0062 0123     		movs	r3, #1
 1509 0064 8B70     		strb	r3, [r1, #2]
 1510 0066 0D70     		strb	r5, [r1]
 1511 0068 94F8BC23 		ldrb	r2, [r4, #956]	@ zero_extendqisi2
 1512 006c 9A42     		cmp	r2, r3
 1513 006e E3D1     		bne	.L301
 1514              	.L297:
 1515 0070 0220     		movs	r0, #2
 1516 0072 38BD     		pop	{r3, r4, r5, pc}
 1517              	.L296:
 1518 0074 0120     		movs	r0, #1
 1519 0076 38BD     		pop	{r3, r4, r5, pc}
 1520              	.L300:
 1521 0078 217C     		ldrb	r1, [r4, #16]	@ zero_extendqisi2
 1522 007a 2068     		ldr	r0, [r4]
 1523 007c 04F57172 		add	r2, r4, #964
 1524 0080 FFF7FEFF 		bl	USB_EP0_OutStart
 1525 0084 DEE7     		b	.L295
 1527 0086 00BF     		.section	.text.HAL_PCD_EP_ClrStall,"ax",%progbits
 1528              		.align	1
 1529              		.p2align 2,,3
 1530              		.global	HAL_PCD_EP_ClrStall
 1531              		.syntax unified
 1532              		.thumb
ARM GAS  /tmp/ccDEhSLj.s 			page 27


 1533              		.thumb_func
 1534              		.fpu fpv4-sp-d16
 1536              	HAL_PCD_EP_ClrStall:
 1537              		@ args = 0, pretend = 0, frame = 0
 1538              		@ frame_needed = 0, uses_anonymous_args = 0
 1539 0000 4268     		ldr	r2, [r0, #4]
 1540 0002 38B5     		push	{r3, r4, r5, lr}
 1541 0004 01F00F03 		and	r3, r1, #15
 1542 0008 9342     		cmp	r3, r2
 1543 000a 2ED8     		bhi	.L306
 1544 000c C3EBC302 		rsb	r2, r3, r3, lsl #3
 1545 0010 11F0800F 		tst	r1, #128
 1546 0014 4FF01C01 		mov	r1, #28
 1547 0018 0446     		mov	r4, r0
 1548 001a 00EB8202 		add	r2, r0, r2, lsl #2
 1549 001e 01FB0301 		mla	r1, r1, r3, r0
 1550 0022 15D1     		bne	.L309
 1551 0024 01F5FE71 		add	r1, r1, #508
 1552 0028 0020     		movs	r0, #0
 1553 002a 0025     		movs	r5, #0
 1554 002c 82F8FD01 		strb	r0, [r2, #509]
 1555 0030 8D70     		strb	r5, [r1, #2]
 1556 0032 0B70     		strb	r3, [r1]
 1557 0034 94F8BC33 		ldrb	r3, [r4, #956]	@ zero_extendqisi2
 1558 0038 012B     		cmp	r3, #1
 1559 003a 14D0     		beq	.L307
 1560              	.L310:
 1561 003c 0123     		movs	r3, #1
 1562 003e 2068     		ldr	r0, [r4]
 1563 0040 84F8BC33 		strb	r3, [r4, #956]
 1564 0044 FFF7FEFF 		bl	USB_EPClearStall
 1565 0048 84F8BC53 		strb	r5, [r4, #956]
 1566 004c 2846     		mov	r0, r5
 1567 004e 38BD     		pop	{r3, r4, r5, pc}
 1568              	.L309:
 1569 0050 3C31     		adds	r1, r1, #60
 1570 0052 0120     		movs	r0, #1
 1571 0054 0025     		movs	r5, #0
 1572 0056 82F83D00 		strb	r0, [r2, #61]
 1573 005a 8D70     		strb	r5, [r1, #2]
 1574 005c 0B70     		strb	r3, [r1]
 1575 005e 94F8BC33 		ldrb	r3, [r4, #956]	@ zero_extendqisi2
 1576 0062 012B     		cmp	r3, #1
 1577 0064 EAD1     		bne	.L310
 1578              	.L307:
 1579 0066 0220     		movs	r0, #2
 1580 0068 38BD     		pop	{r3, r4, r5, pc}
 1581              	.L306:
 1582 006a 0120     		movs	r0, #1
 1583 006c 38BD     		pop	{r3, r4, r5, pc}
 1585 006e 00BF     		.section	.text.HAL_PCD_EP_Flush,"ax",%progbits
 1586              		.align	1
 1587              		.p2align 2,,3
 1588              		.global	HAL_PCD_EP_Flush
 1589              		.syntax unified
 1590              		.thumb
 1591              		.thumb_func
ARM GAS  /tmp/ccDEhSLj.s 			page 28


 1592              		.fpu fpv4-sp-d16
 1594              	HAL_PCD_EP_Flush:
 1595              		@ args = 0, pretend = 0, frame = 0
 1596              		@ frame_needed = 0, uses_anonymous_args = 0
 1597 0000 90F8BC33 		ldrb	r3, [r0, #956]	@ zero_extendqisi2
 1598 0004 012B     		cmp	r3, #1
 1599 0006 15D0     		beq	.L315
 1600 0008 0123     		movs	r3, #1
 1601 000a 10B5     		push	{r4, lr}
 1602 000c 80F8BC33 		strb	r3, [r0, #956]
 1603 0010 0B06     		lsls	r3, r1, #24
 1604 0012 0446     		mov	r4, r0
 1605 0014 0068     		ldr	r0, [r0]
 1606 0016 05D4     		bmi	.L320
 1607 0018 FFF7FEFF 		bl	USB_FlushRxFifo
 1608 001c 0020     		movs	r0, #0
 1609 001e 84F8BC03 		strb	r0, [r4, #956]
 1610 0022 10BD     		pop	{r4, pc}
 1611              	.L320:
 1612 0024 01F00F01 		and	r1, r1, #15
 1613 0028 FFF7FEFF 		bl	USB_FlushTxFifo
 1614 002c 0020     		movs	r0, #0
 1615 002e 84F8BC03 		strb	r0, [r4, #956]
 1616 0032 10BD     		pop	{r4, pc}
 1617              	.L315:
 1618 0034 0220     		movs	r0, #2
 1619 0036 7047     		bx	lr
 1621              		.section	.text.HAL_PCD_ActivateRemoteWakeup,"ax",%progbits
 1622              		.align	1
 1623              		.p2align 2,,3
 1624              		.global	HAL_PCD_ActivateRemoteWakeup
 1625              		.syntax unified
 1626              		.thumb
 1627              		.thumb_func
 1628              		.fpu fpv4-sp-d16
 1630              	HAL_PCD_ActivateRemoteWakeup:
 1631              		@ args = 0, pretend = 0, frame = 0
 1632              		@ frame_needed = 0, uses_anonymous_args = 0
 1633              		@ link register save eliminated.
 1634 0000 0068     		ldr	r0, [r0]
 1635 0002 FFF7FEBF 		b	USB_ActivateRemoteWakeup
 1637 0006 00BF     		.section	.text.HAL_PCD_DeActivateRemoteWakeup,"ax",%progbits
 1638              		.align	1
 1639              		.p2align 2,,3
 1640              		.global	HAL_PCD_DeActivateRemoteWakeup
 1641              		.syntax unified
 1642              		.thumb
 1643              		.thumb_func
 1644              		.fpu fpv4-sp-d16
 1646              	HAL_PCD_DeActivateRemoteWakeup:
 1647              		@ args = 0, pretend = 0, frame = 0
 1648              		@ frame_needed = 0, uses_anonymous_args = 0
 1649              		@ link register save eliminated.
 1650 0000 0068     		ldr	r0, [r0]
 1651 0002 FFF7FEBF 		b	USB_DeActivateRemoteWakeup
 1653 0006 00BF     		.section	.text.HAL_PCD_GetState,"ax",%progbits
 1654              		.align	1
ARM GAS  /tmp/ccDEhSLj.s 			page 29


 1655              		.p2align 2,,3
 1656              		.global	HAL_PCD_GetState
 1657              		.syntax unified
 1658              		.thumb
 1659              		.thumb_func
 1660              		.fpu fpv4-sp-d16
 1662              	HAL_PCD_GetState:
 1663              		@ args = 0, pretend = 0, frame = 0
 1664              		@ frame_needed = 0, uses_anonymous_args = 0
 1665              		@ link register save eliminated.
 1666 0000 90F8BD03 		ldrb	r0, [r0, #957]	@ zero_extendqisi2
 1667 0004 7047     		bx	lr
 1669 0006 00BF     		.ident	"GCC: (15:10.3-2021.07-4) 10.3.1 20210621 (release)"
ARM GAS  /tmp/ccDEhSLj.s 			page 30


DEFINED SYMBOLS
                            *ABS*:0000000000000000 stm32f4xx_hal_pcd.c
     /tmp/ccDEhSLj.s:16     .text.HAL_PCD_MspInit:0000000000000000 $t
     /tmp/ccDEhSLj.s:25     .text.HAL_PCD_MspInit:0000000000000000 HAL_PCD_MspInit
     /tmp/ccDEhSLj.s:32     .rodata.HAL_PCD_Init.str1.4:0000000000000000 $d
     /tmp/ccDEhSLj.s:37     .text.HAL_PCD_Init:0000000000000000 $t
     /tmp/ccDEhSLj.s:45     .text.HAL_PCD_Init:0000000000000000 HAL_PCD_Init
     /tmp/ccDEhSLj.s:171    .text.HAL_PCD_Init:0000000000000130 $d
     /tmp/ccDEhSLj.s:174    .text.HAL_PCD_MspDeInit:0000000000000000 $t
     /tmp/ccDEhSLj.s:182    .text.HAL_PCD_MspDeInit:0000000000000000 HAL_PCD_MspDeInit
     /tmp/ccDEhSLj.s:189    .text.HAL_PCD_DeInit:0000000000000000 $t
     /tmp/ccDEhSLj.s:197    .text.HAL_PCD_DeInit:0000000000000000 HAL_PCD_DeInit
     /tmp/ccDEhSLj.s:238    .text.HAL_PCD_Start:0000000000000000 $t
     /tmp/ccDEhSLj.s:246    .text.HAL_PCD_Start:0000000000000000 HAL_PCD_Start
     /tmp/ccDEhSLj.s:280    .text.HAL_PCD_Stop:0000000000000000 $t
     /tmp/ccDEhSLj.s:288    .text.HAL_PCD_Stop:0000000000000000 HAL_PCD_Stop
     /tmp/ccDEhSLj.s:321    .text.HAL_PCD_DataOutStageCallback:0000000000000000 $t
     /tmp/ccDEhSLj.s:329    .text.HAL_PCD_DataOutStageCallback:0000000000000000 HAL_PCD_DataOutStageCallback
     /tmp/ccDEhSLj.s:336    .text.HAL_PCD_DataInStageCallback:0000000000000000 $t
     /tmp/ccDEhSLj.s:344    .text.HAL_PCD_DataInStageCallback:0000000000000000 HAL_PCD_DataInStageCallback
     /tmp/ccDEhSLj.s:351    .text.HAL_PCD_SetupStageCallback:0000000000000000 $t
     /tmp/ccDEhSLj.s:359    .text.HAL_PCD_SetupStageCallback:0000000000000000 HAL_PCD_SetupStageCallback
     /tmp/ccDEhSLj.s:366    .text.HAL_PCD_SOFCallback:0000000000000000 $t
     /tmp/ccDEhSLj.s:374    .text.HAL_PCD_SOFCallback:0000000000000000 HAL_PCD_SOFCallback
     /tmp/ccDEhSLj.s:381    .text.HAL_PCD_ResetCallback:0000000000000000 $t
     /tmp/ccDEhSLj.s:389    .text.HAL_PCD_ResetCallback:0000000000000000 HAL_PCD_ResetCallback
     /tmp/ccDEhSLj.s:396    .text.HAL_PCD_SuspendCallback:0000000000000000 $t
     /tmp/ccDEhSLj.s:404    .text.HAL_PCD_SuspendCallback:0000000000000000 HAL_PCD_SuspendCallback
     /tmp/ccDEhSLj.s:411    .text.HAL_PCD_ResumeCallback:0000000000000000 $t
     /tmp/ccDEhSLj.s:419    .text.HAL_PCD_ResumeCallback:0000000000000000 HAL_PCD_ResumeCallback
     /tmp/ccDEhSLj.s:426    .text.HAL_PCD_ISOOUTIncompleteCallback:0000000000000000 $t
     /tmp/ccDEhSLj.s:434    .text.HAL_PCD_ISOOUTIncompleteCallback:0000000000000000 HAL_PCD_ISOOUTIncompleteCallback
     /tmp/ccDEhSLj.s:441    .text.HAL_PCD_ISOINIncompleteCallback:0000000000000000 $t
     /tmp/ccDEhSLj.s:449    .text.HAL_PCD_ISOINIncompleteCallback:0000000000000000 HAL_PCD_ISOINIncompleteCallback
     /tmp/ccDEhSLj.s:456    .text.HAL_PCD_ConnectCallback:0000000000000000 $t
     /tmp/ccDEhSLj.s:464    .text.HAL_PCD_ConnectCallback:0000000000000000 HAL_PCD_ConnectCallback
     /tmp/ccDEhSLj.s:471    .text.HAL_PCD_DisconnectCallback:0000000000000000 $t
     /tmp/ccDEhSLj.s:479    .text.HAL_PCD_DisconnectCallback:0000000000000000 HAL_PCD_DisconnectCallback
     /tmp/ccDEhSLj.s:486    .text.HAL_PCD_IRQHandler:0000000000000000 $t
     /tmp/ccDEhSLj.s:494    .text.HAL_PCD_IRQHandler:0000000000000000 HAL_PCD_IRQHandler
     /tmp/ccDEhSLj.s:1150   .text.HAL_PCD_IRQHandler:0000000000000644 $d
     /tmp/ccDEhSLj.s:1154   .text.HAL_PCD_DevConnect:0000000000000000 $t
     /tmp/ccDEhSLj.s:1162   .text.HAL_PCD_DevConnect:0000000000000000 HAL_PCD_DevConnect
     /tmp/ccDEhSLj.s:1194   .text.HAL_PCD_DevDisconnect:0000000000000000 $t
     /tmp/ccDEhSLj.s:1202   .text.HAL_PCD_DevDisconnect:0000000000000000 HAL_PCD_DevDisconnect
     /tmp/ccDEhSLj.s:1222   .text.HAL_PCD_SetAddress:0000000000000000 $t
     /tmp/ccDEhSLj.s:1230   .text.HAL_PCD_SetAddress:0000000000000000 HAL_PCD_SetAddress
     /tmp/ccDEhSLj.s:1251   .text.HAL_PCD_EP_Open:0000000000000000 $t
     /tmp/ccDEhSLj.s:1259   .text.HAL_PCD_EP_Open:0000000000000000 HAL_PCD_EP_Open
     /tmp/ccDEhSLj.s:1311   .text.HAL_PCD_EP_Close:0000000000000000 $t
     /tmp/ccDEhSLj.s:1319   .text.HAL_PCD_EP_Close:0000000000000000 HAL_PCD_EP_Close
     /tmp/ccDEhSLj.s:1359   .text.HAL_PCD_EP_Receive:0000000000000000 $t
     /tmp/ccDEhSLj.s:1367   .text.HAL_PCD_EP_Receive:0000000000000000 HAL_PCD_EP_Receive
     /tmp/ccDEhSLj.s:1399   .text.HAL_PCD_EP_GetRxCount:0000000000000000 $t
     /tmp/ccDEhSLj.s:1407   .text.HAL_PCD_EP_GetRxCount:0000000000000000 HAL_PCD_EP_GetRxCount
     /tmp/ccDEhSLj.s:1418   .text.HAL_PCD_EP_Transmit:0000000000000000 $t
     /tmp/ccDEhSLj.s:1426   .text.HAL_PCD_EP_Transmit:0000000000000000 HAL_PCD_EP_Transmit
ARM GAS  /tmp/ccDEhSLj.s 			page 31


     /tmp/ccDEhSLj.s:1459   .text.HAL_PCD_EP_SetStall:0000000000000000 $t
     /tmp/ccDEhSLj.s:1467   .text.HAL_PCD_EP_SetStall:0000000000000000 HAL_PCD_EP_SetStall
     /tmp/ccDEhSLj.s:1528   .text.HAL_PCD_EP_ClrStall:0000000000000000 $t
     /tmp/ccDEhSLj.s:1536   .text.HAL_PCD_EP_ClrStall:0000000000000000 HAL_PCD_EP_ClrStall
     /tmp/ccDEhSLj.s:1586   .text.HAL_PCD_EP_Flush:0000000000000000 $t
     /tmp/ccDEhSLj.s:1594   .text.HAL_PCD_EP_Flush:0000000000000000 HAL_PCD_EP_Flush
     /tmp/ccDEhSLj.s:1622   .text.HAL_PCD_ActivateRemoteWakeup:0000000000000000 $t
     /tmp/ccDEhSLj.s:1630   .text.HAL_PCD_ActivateRemoteWakeup:0000000000000000 HAL_PCD_ActivateRemoteWakeup
     /tmp/ccDEhSLj.s:1638   .text.HAL_PCD_DeActivateRemoteWakeup:0000000000000000 $t
     /tmp/ccDEhSLj.s:1646   .text.HAL_PCD_DeActivateRemoteWakeup:0000000000000000 HAL_PCD_DeActivateRemoteWakeup
     /tmp/ccDEhSLj.s:1654   .text.HAL_PCD_GetState:0000000000000000 $t
     /tmp/ccDEhSLj.s:1662   .text.HAL_PCD_GetState:0000000000000000 HAL_PCD_GetState

UNDEFINED SYMBOLS
assert_failed
USB_DisableGlobalInt
USB_CoreInit
USB_SetCurrentMode
USB_DevInit
USB_DevDisconnect
USB_StopDevice
USB_DevConnect
USB_EnableGlobalInt
USB_GetMode
USB_ReadInterrupts
USB_ActivateSetup
USB_GetDevSpeed
HAL_RCC_GetHCLKFreq
USB_SetTurnaroundTime
USB_FlushTxFifo
USB_EP0_OutStart
USB_ReadDevAllInEpInterrupt
USB_ReadDevInEPInterrupt
USB_ReadDevAllOutEpInterrupt
USB_ReadDevOutEPInterrupt
HAL_PCDEx_LPM_Callback
USB_ReadPacket
USB_WritePacket
USB_SetDevAddress
USB_ActivateEndpoint
USB_DeactivateEndpoint
USB_EP0StartXfer
USB_EPStartXfer
USB_EPSetStall
USB_EPClearStall
USB_FlushRxFifo
USB_ActivateRemoteWakeup
USB_DeActivateRemoteWakeup
