ARM GAS  /tmp/ccFa8Eor.s 			page 1


   1              		.cpu cortex-m4
   2              		.eabi_attribute 27, 1
   3              		.eabi_attribute 28, 1
   4              		.eabi_attribute 20, 1
   5              		.eabi_attribute 21, 1
   6              		.eabi_attribute 23, 3
   7              		.eabi_attribute 24, 1
   8              		.eabi_attribute 25, 1
   9              		.eabi_attribute 26, 1
  10              		.eabi_attribute 30, 2
  11              		.eabi_attribute 34, 1
  12              		.eabi_attribute 18, 4
  13              		.file	"usbd_conf.c"
  14              		.text
  15              		.section	.text.HAL_PCD_MspInit,"ax",%progbits
  16              		.align	1
  17              		.p2align 2,,3
  18              		.global	HAL_PCD_MspInit
  19              		.arch armv7e-m
  20              		.syntax unified
  21              		.thumb
  22              		.thumb_func
  23              		.fpu fpv4-sp-d16
  25              	HAL_PCD_MspInit:
  26              		@ args = 0, pretend = 0, frame = 32
  27              		@ frame_needed = 0, uses_anonymous_args = 0
  28 0000 30B5     		push	{r4, r5, lr}
  29 0002 89B0     		sub	sp, sp, #36
  30 0004 184C     		ldr	r4, .L4
  31 0006 1948     		ldr	r0, .L4+4
  32 0008 0025     		movs	r5, #0
  33 000a 0195     		str	r5, [sp, #4]
  34 000c 236B     		ldr	r3, [r4, #48]
  35 000e 43F00103 		orr	r3, r3, #1
  36 0012 2363     		str	r3, [r4, #48]
  37 0014 236B     		ldr	r3, [r4, #48]
  38 0016 03F00103 		and	r3, r3, #1
  39 001a 0193     		str	r3, [sp, #4]
  40 001c 4FF4C053 		mov	r3, #6144
  41 0020 0393     		str	r3, [sp, #12]
  42 0022 0223     		movs	r3, #2
  43 0024 0493     		str	r3, [sp, #16]
  44 0026 0323     		movs	r3, #3
  45 0028 CDE90553 		strd	r5, r3, [sp, #20]
  46 002c 03A9     		add	r1, sp, #12
  47 002e 0A23     		movs	r3, #10
  48 0030 019A     		ldr	r2, [sp, #4]
  49 0032 0793     		str	r3, [sp, #28]
  50 0034 FFF7FEFF 		bl	HAL_GPIO_Init
  51 0038 636B     		ldr	r3, [r4, #52]
  52 003a 43F08003 		orr	r3, r3, #128
  53 003e 6363     		str	r3, [r4, #52]
  54 0040 0295     		str	r5, [sp, #8]
  55 0042 636C     		ldr	r3, [r4, #68]
  56 0044 43F48043 		orr	r3, r3, #16384
  57 0048 6364     		str	r3, [r4, #68]
  58 004a 636C     		ldr	r3, [r4, #68]
ARM GAS  /tmp/ccFa8Eor.s 			page 2


  59 004c 03F48043 		and	r3, r3, #16384
  60 0050 2A46     		mov	r2, r5
  61 0052 0521     		movs	r1, #5
  62 0054 0293     		str	r3, [sp, #8]
  63 0056 4320     		movs	r0, #67
  64 0058 029B     		ldr	r3, [sp, #8]
  65 005a FFF7FEFF 		bl	HAL_NVIC_SetPriority
  66 005e 4320     		movs	r0, #67
  67 0060 FFF7FEFF 		bl	HAL_NVIC_EnableIRQ
  68 0064 09B0     		add	sp, sp, #36
  69              		@ sp needed
  70 0066 30BD     		pop	{r4, r5, pc}
  71              	.L5:
  72              		.align	2
  73              	.L4:
  74 0068 00380240 		.word	1073887232
  75 006c 00000240 		.word	1073872896
  77              		.section	.text.HAL_PCD_MspDeInit,"ax",%progbits
  78              		.align	1
  79              		.p2align 2,,3
  80              		.global	HAL_PCD_MspDeInit
  81              		.syntax unified
  82              		.thumb
  83              		.thumb_func
  84              		.fpu fpv4-sp-d16
  86              	HAL_PCD_MspDeInit:
  87              		@ args = 0, pretend = 0, frame = 0
  88              		@ frame_needed = 0, uses_anonymous_args = 0
  89              		@ link register save eliminated.
  90 0000 044B     		ldr	r3, .L7
  91 0002 5A6B     		ldr	r2, [r3, #52]
  92 0004 22F08002 		bic	r2, r2, #128
  93 0008 5A63     		str	r2, [r3, #52]
  94 000a 5A6C     		ldr	r2, [r3, #68]
  95 000c 22F48042 		bic	r2, r2, #16384
  96 0010 5A64     		str	r2, [r3, #68]
  97 0012 7047     		bx	lr
  98              	.L8:
  99              		.align	2
 100              	.L7:
 101 0014 00380240 		.word	1073887232
 103              		.section	.text.HAL_PCD_SetupStageCallback,"ax",%progbits
 104              		.align	1
 105              		.p2align 2,,3
 106              		.global	HAL_PCD_SetupStageCallback
 107              		.syntax unified
 108              		.thumb
 109              		.thumb_func
 110              		.fpu fpv4-sp-d16
 112              	HAL_PCD_SetupStageCallback:
 113              		@ args = 0, pretend = 0, frame = 0
 114              		@ frame_needed = 0, uses_anonymous_args = 0
 115              		@ link register save eliminated.
 116 0000 00F57171 		add	r1, r0, #964
 117 0004 D0F80404 		ldr	r0, [r0, #1028]
 118 0008 FFF7FEBF 		b	USBD_LL_SetupStage
 120              		.section	.text.HAL_PCD_DataOutStageCallback,"ax",%progbits
ARM GAS  /tmp/ccFa8Eor.s 			page 3


 121              		.align	1
 122              		.p2align 2,,3
 123              		.global	HAL_PCD_DataOutStageCallback
 124              		.syntax unified
 125              		.thumb
 126              		.thumb_func
 127              		.fpu fpv4-sp-d16
 129              	HAL_PCD_DataOutStageCallback:
 130              		@ args = 0, pretend = 0, frame = 0
 131              		@ frame_needed = 0, uses_anonymous_args = 0
 132              		@ link register save eliminated.
 133 0000 C1EBC103 		rsb	r3, r1, r1, lsl #3
 134 0004 00EB8303 		add	r3, r0, r3, lsl #2
 135 0008 D0F80404 		ldr	r0, [r0, #1028]
 136 000c D3F80822 		ldr	r2, [r3, #520]
 137 0010 FFF7FEBF 		b	USBD_LL_DataOutStage
 139              		.section	.text.HAL_PCD_DataInStageCallback,"ax",%progbits
 140              		.align	1
 141              		.p2align 2,,3
 142              		.global	HAL_PCD_DataInStageCallback
 143              		.syntax unified
 144              		.thumb
 145              		.thumb_func
 146              		.fpu fpv4-sp-d16
 148              	HAL_PCD_DataInStageCallback:
 149              		@ args = 0, pretend = 0, frame = 0
 150              		@ frame_needed = 0, uses_anonymous_args = 0
 151              		@ link register save eliminated.
 152 0000 C1EBC103 		rsb	r3, r1, r1, lsl #3
 153 0004 00EB8303 		add	r3, r0, r3, lsl #2
 154 0008 D0F80404 		ldr	r0, [r0, #1028]
 155 000c 9A6C     		ldr	r2, [r3, #72]
 156 000e FFF7FEBF 		b	USBD_LL_DataInStage
 158 0012 00BF     		.section	.text.HAL_PCD_SOFCallback,"ax",%progbits
 159              		.align	1
 160              		.p2align 2,,3
 161              		.global	HAL_PCD_SOFCallback
 162              		.syntax unified
 163              		.thumb
 164              		.thumb_func
 165              		.fpu fpv4-sp-d16
 167              	HAL_PCD_SOFCallback:
 168              		@ args = 0, pretend = 0, frame = 0
 169              		@ frame_needed = 0, uses_anonymous_args = 0
 170              		@ link register save eliminated.
 171 0000 D0F80404 		ldr	r0, [r0, #1028]
 172 0004 FFF7FEBF 		b	USBD_LL_SOF
 174              		.section	.text.HAL_PCD_ResetCallback,"ax",%progbits
 175              		.align	1
 176              		.p2align 2,,3
 177              		.global	HAL_PCD_ResetCallback
 178              		.syntax unified
 179              		.thumb
 180              		.thumb_func
 181              		.fpu fpv4-sp-d16
 183              	HAL_PCD_ResetCallback:
 184              		@ args = 0, pretend = 0, frame = 8
ARM GAS  /tmp/ccFa8Eor.s 			page 4


 185              		@ frame_needed = 0, uses_anonymous_args = 0
 186 0000 10B5     		push	{r4, lr}
 187 0002 C168     		ldr	r1, [r0, #12]
 188 0004 82B0     		sub	sp, sp, #8
 189 0006 0039     		subs	r1, r1, #0
 190 0008 18BF     		it	ne
 191 000a 0121     		movne	r1, #1
 192 000c 0446     		mov	r4, r0
 193 000e D0F80404 		ldr	r0, [r0, #1028]
 194 0012 0191     		str	r1, [sp, #4]
 195 0014 FFF7FEFF 		bl	USBD_LL_Reset
 196 0018 0199     		ldr	r1, [sp, #4]
 197 001a D4F80404 		ldr	r0, [r4, #1028]
 198 001e 02B0     		add	sp, sp, #8
 199              		@ sp needed
 200 0020 BDE81040 		pop	{r4, lr}
 201 0024 FFF7FEBF 		b	USBD_LL_SetSpeed
 203              		.section	.text.HAL_PCD_SuspendCallback,"ax",%progbits
 204              		.align	1
 205              		.p2align 2,,3
 206              		.global	HAL_PCD_SuspendCallback
 207              		.syntax unified
 208              		.thumb
 209              		.thumb_func
 210              		.fpu fpv4-sp-d16
 212              	HAL_PCD_SuspendCallback:
 213              		@ args = 0, pretend = 0, frame = 0
 214              		@ frame_needed = 0, uses_anonymous_args = 0
 215              		@ link register save eliminated.
 216 0000 D0F80404 		ldr	r0, [r0, #1028]
 217 0004 FFF7FEBF 		b	USBD_LL_Suspend
 219              		.section	.text.HAL_PCD_ResumeCallback,"ax",%progbits
 220              		.align	1
 221              		.p2align 2,,3
 222              		.global	HAL_PCD_ResumeCallback
 223              		.syntax unified
 224              		.thumb
 225              		.thumb_func
 226              		.fpu fpv4-sp-d16
 228              	HAL_PCD_ResumeCallback:
 229              		@ args = 0, pretend = 0, frame = 0
 230              		@ frame_needed = 0, uses_anonymous_args = 0
 231              		@ link register save eliminated.
 232 0000 D0F80404 		ldr	r0, [r0, #1028]
 233 0004 FFF7FEBF 		b	USBD_LL_Resume
 235              		.section	.text.HAL_PCD_ISOOUTIncompleteCallback,"ax",%progbits
 236              		.align	1
 237              		.p2align 2,,3
 238              		.global	HAL_PCD_ISOOUTIncompleteCallback
 239              		.syntax unified
 240              		.thumb
 241              		.thumb_func
 242              		.fpu fpv4-sp-d16
 244              	HAL_PCD_ISOOUTIncompleteCallback:
 245              		@ args = 0, pretend = 0, frame = 0
 246              		@ frame_needed = 0, uses_anonymous_args = 0
 247              		@ link register save eliminated.
ARM GAS  /tmp/ccFa8Eor.s 			page 5


 248 0000 D0F80404 		ldr	r0, [r0, #1028]
 249 0004 FFF7FEBF 		b	USBD_LL_IsoOUTIncomplete
 251              		.section	.text.HAL_PCD_ISOINIncompleteCallback,"ax",%progbits
 252              		.align	1
 253              		.p2align 2,,3
 254              		.global	HAL_PCD_ISOINIncompleteCallback
 255              		.syntax unified
 256              		.thumb
 257              		.thumb_func
 258              		.fpu fpv4-sp-d16
 260              	HAL_PCD_ISOINIncompleteCallback:
 261              		@ args = 0, pretend = 0, frame = 0
 262              		@ frame_needed = 0, uses_anonymous_args = 0
 263              		@ link register save eliminated.
 264 0000 D0F80404 		ldr	r0, [r0, #1028]
 265 0004 FFF7FEBF 		b	USBD_LL_IsoINIncomplete
 267              		.section	.text.HAL_PCD_ConnectCallback,"ax",%progbits
 268              		.align	1
 269              		.p2align 2,,3
 270              		.global	HAL_PCD_ConnectCallback
 271              		.syntax unified
 272              		.thumb
 273              		.thumb_func
 274              		.fpu fpv4-sp-d16
 276              	HAL_PCD_ConnectCallback:
 277              		@ args = 0, pretend = 0, frame = 0
 278              		@ frame_needed = 0, uses_anonymous_args = 0
 279              		@ link register save eliminated.
 280 0000 D0F80404 		ldr	r0, [r0, #1028]
 281 0004 FFF7FEBF 		b	USBD_LL_DevConnected
 283              		.section	.text.HAL_PCD_DisconnectCallback,"ax",%progbits
 284              		.align	1
 285              		.p2align 2,,3
 286              		.global	HAL_PCD_DisconnectCallback
 287              		.syntax unified
 288              		.thumb
 289              		.thumb_func
 290              		.fpu fpv4-sp-d16
 292              	HAL_PCD_DisconnectCallback:
 293              		@ args = 0, pretend = 0, frame = 0
 294              		@ frame_needed = 0, uses_anonymous_args = 0
 295              		@ link register save eliminated.
 296 0000 D0F80404 		ldr	r0, [r0, #1028]
 297 0004 FFF7FEBF 		b	USBD_LL_DevDisconnected
 299              		.section	.text.USBD_LL_Init,"ax",%progbits
 300              		.align	1
 301              		.p2align 2,,3
 302              		.global	USBD_LL_Init
 303              		.syntax unified
 304              		.thumb
 305              		.thumb_func
 306              		.fpu fpv4-sp-d16
 308              	USBD_LL_Init:
 309              		@ args = 0, pretend = 0, frame = 0
 310              		@ frame_needed = 0, uses_anonymous_args = 0
 311 0000 70B5     		push	{r4, r5, r6, lr}
 312 0002 144C     		ldr	r4, .L23
ARM GAS  /tmp/ccFa8Eor.s 			page 6


 313 0004 4FF0A042 		mov	r2, #1342177280
 314 0008 0025     		movs	r5, #0
 315 000a 0223     		movs	r3, #2
 316 000c C4F80404 		str	r0, [r4, #1028]
 317 0010 0126     		movs	r6, #1
 318 0012 C0F89842 		str	r4, [r0, #664]
 319 0016 2260     		str	r2, [r4]
 320 0018 2046     		mov	r0, r4
 321 001a 0422     		movs	r2, #4
 322 001c C4E90636 		strd	r3, r6, [r4, #24]
 323 0020 E360     		str	r3, [r4, #12]
 324 0022 6260     		str	r2, [r4, #4]
 325 0024 2563     		str	r5, [r4, #48]
 326 0026 2561     		str	r5, [r4, #16]
 327 0028 2562     		str	r5, [r4, #32]
 328 002a E562     		str	r5, [r4, #44]
 329 002c 6562     		str	r5, [r4, #36]
 330 002e FFF7FEFF 		bl	HAL_PCD_Init
 331 0032 4FF49071 		mov	r1, #288
 332 0036 2046     		mov	r0, r4
 333 0038 FFF7FEFF 		bl	HAL_PCDEx_SetRxFiFo
 334 003c 2946     		mov	r1, r5
 335 003e 1022     		movs	r2, #16
 336 0040 2046     		mov	r0, r4
 337 0042 FFF7FEFF 		bl	HAL_PCDEx_SetTxFiFo
 338 0046 1022     		movs	r2, #16
 339 0048 3146     		mov	r1, r6
 340 004a 2046     		mov	r0, r4
 341 004c FFF7FEFF 		bl	HAL_PCDEx_SetTxFiFo
 342 0050 2846     		mov	r0, r5
 343 0052 70BD     		pop	{r4, r5, r6, pc}
 344              	.L24:
 345              		.align	2
 346              	.L23:
 347 0054 00000000 		.word	.LANCHOR0
 349              		.section	.text.USBD_LL_DeInit,"ax",%progbits
 350              		.align	1
 351              		.p2align 2,,3
 352              		.global	USBD_LL_DeInit
 353              		.syntax unified
 354              		.thumb
 355              		.thumb_func
 356              		.fpu fpv4-sp-d16
 358              	USBD_LL_DeInit:
 359              		@ args = 0, pretend = 0, frame = 0
 360              		@ frame_needed = 0, uses_anonymous_args = 0
 361 0000 08B5     		push	{r3, lr}
 362 0002 D0F89802 		ldr	r0, [r0, #664]
 363 0006 FFF7FEFF 		bl	HAL_PCD_DeInit
 364 000a 0020     		movs	r0, #0
 365 000c 08BD     		pop	{r3, pc}
 367 000e 00BF     		.section	.text.USBD_LL_Start,"ax",%progbits
 368              		.align	1
 369              		.p2align 2,,3
 370              		.global	USBD_LL_Start
 371              		.syntax unified
 372              		.thumb
ARM GAS  /tmp/ccFa8Eor.s 			page 7


 373              		.thumb_func
 374              		.fpu fpv4-sp-d16
 376              	USBD_LL_Start:
 377              		@ args = 0, pretend = 0, frame = 0
 378              		@ frame_needed = 0, uses_anonymous_args = 0
 379 0000 08B5     		push	{r3, lr}
 380 0002 D0F89802 		ldr	r0, [r0, #664]
 381 0006 FFF7FEFF 		bl	HAL_PCD_Start
 382 000a 0020     		movs	r0, #0
 383 000c 08BD     		pop	{r3, pc}
 385 000e 00BF     		.section	.text.USBD_LL_Stop,"ax",%progbits
 386              		.align	1
 387              		.p2align 2,,3
 388              		.global	USBD_LL_Stop
 389              		.syntax unified
 390              		.thumb
 391              		.thumb_func
 392              		.fpu fpv4-sp-d16
 394              	USBD_LL_Stop:
 395              		@ args = 0, pretend = 0, frame = 0
 396              		@ frame_needed = 0, uses_anonymous_args = 0
 397 0000 08B5     		push	{r3, lr}
 398 0002 D0F89802 		ldr	r0, [r0, #664]
 399 0006 FFF7FEFF 		bl	HAL_PCD_Stop
 400 000a 0020     		movs	r0, #0
 401 000c 08BD     		pop	{r3, pc}
 403 000e 00BF     		.section	.text.USBD_LL_OpenEP,"ax",%progbits
 404              		.align	1
 405              		.p2align 2,,3
 406              		.global	USBD_LL_OpenEP
 407              		.syntax unified
 408              		.thumb
 409              		.thumb_func
 410              		.fpu fpv4-sp-d16
 412              	USBD_LL_OpenEP:
 413              		@ args = 0, pretend = 0, frame = 0
 414              		@ frame_needed = 0, uses_anonymous_args = 0
 415 0000 08B5     		push	{r3, lr}
 416 0002 9446     		mov	ip, r2
 417 0004 D0F89802 		ldr	r0, [r0, #664]
 418 0008 1A46     		mov	r2, r3
 419 000a 6346     		mov	r3, ip
 420 000c FFF7FEFF 		bl	HAL_PCD_EP_Open
 421 0010 0020     		movs	r0, #0
 422 0012 08BD     		pop	{r3, pc}
 424              		.section	.text.USBD_LL_CloseEP,"ax",%progbits
 425              		.align	1
 426              		.p2align 2,,3
 427              		.global	USBD_LL_CloseEP
 428              		.syntax unified
 429              		.thumb
 430              		.thumb_func
 431              		.fpu fpv4-sp-d16
 433              	USBD_LL_CloseEP:
 434              		@ args = 0, pretend = 0, frame = 0
 435              		@ frame_needed = 0, uses_anonymous_args = 0
 436 0000 08B5     		push	{r3, lr}
ARM GAS  /tmp/ccFa8Eor.s 			page 8


 437 0002 D0F89802 		ldr	r0, [r0, #664]
 438 0006 FFF7FEFF 		bl	HAL_PCD_EP_Close
 439 000a 0020     		movs	r0, #0
 440 000c 08BD     		pop	{r3, pc}
 442 000e 00BF     		.section	.text.USBD_LL_FlushEP,"ax",%progbits
 443              		.align	1
 444              		.p2align 2,,3
 445              		.global	USBD_LL_FlushEP
 446              		.syntax unified
 447              		.thumb
 448              		.thumb_func
 449              		.fpu fpv4-sp-d16
 451              	USBD_LL_FlushEP:
 452              		@ args = 0, pretend = 0, frame = 0
 453              		@ frame_needed = 0, uses_anonymous_args = 0
 454 0000 08B5     		push	{r3, lr}
 455 0002 D0F89802 		ldr	r0, [r0, #664]
 456 0006 FFF7FEFF 		bl	HAL_PCD_EP_Flush
 457 000a 0020     		movs	r0, #0
 458 000c 08BD     		pop	{r3, pc}
 460 000e 00BF     		.section	.text.USBD_LL_StallEP,"ax",%progbits
 461              		.align	1
 462              		.p2align 2,,3
 463              		.global	USBD_LL_StallEP
 464              		.syntax unified
 465              		.thumb
 466              		.thumb_func
 467              		.fpu fpv4-sp-d16
 469              	USBD_LL_StallEP:
 470              		@ args = 0, pretend = 0, frame = 0
 471              		@ frame_needed = 0, uses_anonymous_args = 0
 472 0000 08B5     		push	{r3, lr}
 473 0002 D0F89802 		ldr	r0, [r0, #664]
 474 0006 FFF7FEFF 		bl	HAL_PCD_EP_SetStall
 475 000a 0020     		movs	r0, #0
 476 000c 08BD     		pop	{r3, pc}
 478 000e 00BF     		.section	.text.USBD_LL_ClearStallEP,"ax",%progbits
 479              		.align	1
 480              		.p2align 2,,3
 481              		.global	USBD_LL_ClearStallEP
 482              		.syntax unified
 483              		.thumb
 484              		.thumb_func
 485              		.fpu fpv4-sp-d16
 487              	USBD_LL_ClearStallEP:
 488              		@ args = 0, pretend = 0, frame = 0
 489              		@ frame_needed = 0, uses_anonymous_args = 0
 490 0000 08B5     		push	{r3, lr}
 491 0002 D0F89802 		ldr	r0, [r0, #664]
 492 0006 FFF7FEFF 		bl	HAL_PCD_EP_ClrStall
 493 000a 0020     		movs	r0, #0
 494 000c 08BD     		pop	{r3, pc}
 496 000e 00BF     		.section	.text.USBD_LL_IsStallEP,"ax",%progbits
 497              		.align	1
 498              		.p2align 2,,3
 499              		.global	USBD_LL_IsStallEP
 500              		.syntax unified
ARM GAS  /tmp/ccFa8Eor.s 			page 9


 501              		.thumb
 502              		.thumb_func
 503              		.fpu fpv4-sp-d16
 505              	USBD_LL_IsStallEP:
 506              		@ args = 0, pretend = 0, frame = 0
 507              		@ frame_needed = 0, uses_anonymous_args = 0
 508              		@ link register save eliminated.
 509 0000 0A06     		lsls	r2, r1, #24
 510 0002 D0F89832 		ldr	r3, [r0, #664]
 511 0006 06D4     		bmi	.L44
 512 0008 C1EBC101 		rsb	r1, r1, r1, lsl #3
 513 000c 03EB8101 		add	r1, r3, r1, lsl #2
 514 0010 91F8FE01 		ldrb	r0, [r1, #510]	@ zero_extendqisi2
 515 0014 7047     		bx	lr
 516              	.L44:
 517 0016 01F07F01 		and	r1, r1, #127
 518 001a C1EBC101 		rsb	r1, r1, r1, lsl #3
 519 001e 03EB8101 		add	r1, r3, r1, lsl #2
 520 0022 91F83E00 		ldrb	r0, [r1, #62]	@ zero_extendqisi2
 521 0026 7047     		bx	lr
 523              		.section	.text.USBD_LL_SetUSBAddress,"ax",%progbits
 524              		.align	1
 525              		.p2align 2,,3
 526              		.global	USBD_LL_SetUSBAddress
 527              		.syntax unified
 528              		.thumb
 529              		.thumb_func
 530              		.fpu fpv4-sp-d16
 532              	USBD_LL_SetUSBAddress:
 533              		@ args = 0, pretend = 0, frame = 0
 534              		@ frame_needed = 0, uses_anonymous_args = 0
 535 0000 08B5     		push	{r3, lr}
 536 0002 D0F89802 		ldr	r0, [r0, #664]
 537 0006 FFF7FEFF 		bl	HAL_PCD_SetAddress
 538 000a 0020     		movs	r0, #0
 539 000c 08BD     		pop	{r3, pc}
 541 000e 00BF     		.section	.text.USBD_LL_Transmit,"ax",%progbits
 542              		.align	1
 543              		.p2align 2,,3
 544              		.global	USBD_LL_Transmit
 545              		.syntax unified
 546              		.thumb
 547              		.thumb_func
 548              		.fpu fpv4-sp-d16
 550              	USBD_LL_Transmit:
 551              		@ args = 0, pretend = 0, frame = 0
 552              		@ frame_needed = 0, uses_anonymous_args = 0
 553 0000 08B5     		push	{r3, lr}
 554 0002 D0F89802 		ldr	r0, [r0, #664]
 555 0006 FFF7FEFF 		bl	HAL_PCD_EP_Transmit
 556 000a 0020     		movs	r0, #0
 557 000c 08BD     		pop	{r3, pc}
 559 000e 00BF     		.section	.text.USBD_LL_PrepareReceive,"ax",%progbits
 560              		.align	1
 561              		.p2align 2,,3
 562              		.global	USBD_LL_PrepareReceive
 563              		.syntax unified
ARM GAS  /tmp/ccFa8Eor.s 			page 10


 564              		.thumb
 565              		.thumb_func
 566              		.fpu fpv4-sp-d16
 568              	USBD_LL_PrepareReceive:
 569              		@ args = 0, pretend = 0, frame = 0
 570              		@ frame_needed = 0, uses_anonymous_args = 0
 571 0000 08B5     		push	{r3, lr}
 572 0002 D0F89802 		ldr	r0, [r0, #664]
 573 0006 FFF7FEFF 		bl	HAL_PCD_EP_Receive
 574 000a 0020     		movs	r0, #0
 575 000c 08BD     		pop	{r3, pc}
 577 000e 00BF     		.section	.text.USBD_LL_GetRxDataSize,"ax",%progbits
 578              		.align	1
 579              		.p2align 2,,3
 580              		.global	USBD_LL_GetRxDataSize
 581              		.syntax unified
 582              		.thumb
 583              		.thumb_func
 584              		.fpu fpv4-sp-d16
 586              	USBD_LL_GetRxDataSize:
 587              		@ args = 0, pretend = 0, frame = 0
 588              		@ frame_needed = 0, uses_anonymous_args = 0
 589              		@ link register save eliminated.
 590 0000 D0F89802 		ldr	r0, [r0, #664]
 591 0004 FFF7FEBF 		b	HAL_PCD_EP_GetRxCount
 593              		.section	.text.USBD_LL_Delay,"ax",%progbits
 594              		.align	1
 595              		.p2align 2,,3
 596              		.global	USBD_LL_Delay
 597              		.syntax unified
 598              		.thumb
 599              		.thumb_func
 600              		.fpu fpv4-sp-d16
 602              	USBD_LL_Delay:
 603              		@ args = 0, pretend = 0, frame = 0
 604              		@ frame_needed = 0, uses_anonymous_args = 0
 605              		@ link register save eliminated.
 606 0000 FFF7FEBF 		b	HAL_Delay
 608              		.global	hpcd
 609              		.section	.bss.hpcd,"aw",%nobits
 610              		.align	2
 611              		.set	.LANCHOR0,. + 0
 614              	hpcd:
 615 0000 00000000 		.space	1032
 615      00000000 
 615      00000000 
 615      00000000 
 615      00000000 
 616              		.ident	"GCC: (15:10.3-2021.07-4) 10.3.1 20210621 (release)"
ARM GAS  /tmp/ccFa8Eor.s 			page 11


DEFINED SYMBOLS
                            *ABS*:0000000000000000 usbd_conf.c
     /tmp/ccFa8Eor.s:16     .text.HAL_PCD_MspInit:0000000000000000 $t
     /tmp/ccFa8Eor.s:25     .text.HAL_PCD_MspInit:0000000000000000 HAL_PCD_MspInit
     /tmp/ccFa8Eor.s:74     .text.HAL_PCD_MspInit:0000000000000068 $d
     /tmp/ccFa8Eor.s:78     .text.HAL_PCD_MspDeInit:0000000000000000 $t
     /tmp/ccFa8Eor.s:86     .text.HAL_PCD_MspDeInit:0000000000000000 HAL_PCD_MspDeInit
     /tmp/ccFa8Eor.s:101    .text.HAL_PCD_MspDeInit:0000000000000014 $d
     /tmp/ccFa8Eor.s:104    .text.HAL_PCD_SetupStageCallback:0000000000000000 $t
     /tmp/ccFa8Eor.s:112    .text.HAL_PCD_SetupStageCallback:0000000000000000 HAL_PCD_SetupStageCallback
     /tmp/ccFa8Eor.s:121    .text.HAL_PCD_DataOutStageCallback:0000000000000000 $t
     /tmp/ccFa8Eor.s:129    .text.HAL_PCD_DataOutStageCallback:0000000000000000 HAL_PCD_DataOutStageCallback
     /tmp/ccFa8Eor.s:140    .text.HAL_PCD_DataInStageCallback:0000000000000000 $t
     /tmp/ccFa8Eor.s:148    .text.HAL_PCD_DataInStageCallback:0000000000000000 HAL_PCD_DataInStageCallback
     /tmp/ccFa8Eor.s:159    .text.HAL_PCD_SOFCallback:0000000000000000 $t
     /tmp/ccFa8Eor.s:167    .text.HAL_PCD_SOFCallback:0000000000000000 HAL_PCD_SOFCallback
     /tmp/ccFa8Eor.s:175    .text.HAL_PCD_ResetCallback:0000000000000000 $t
     /tmp/ccFa8Eor.s:183    .text.HAL_PCD_ResetCallback:0000000000000000 HAL_PCD_ResetCallback
     /tmp/ccFa8Eor.s:204    .text.HAL_PCD_SuspendCallback:0000000000000000 $t
     /tmp/ccFa8Eor.s:212    .text.HAL_PCD_SuspendCallback:0000000000000000 HAL_PCD_SuspendCallback
     /tmp/ccFa8Eor.s:220    .text.HAL_PCD_ResumeCallback:0000000000000000 $t
     /tmp/ccFa8Eor.s:228    .text.HAL_PCD_ResumeCallback:0000000000000000 HAL_PCD_ResumeCallback
     /tmp/ccFa8Eor.s:236    .text.HAL_PCD_ISOOUTIncompleteCallback:0000000000000000 $t
     /tmp/ccFa8Eor.s:244    .text.HAL_PCD_ISOOUTIncompleteCallback:0000000000000000 HAL_PCD_ISOOUTIncompleteCallback
     /tmp/ccFa8Eor.s:252    .text.HAL_PCD_ISOINIncompleteCallback:0000000000000000 $t
     /tmp/ccFa8Eor.s:260    .text.HAL_PCD_ISOINIncompleteCallback:0000000000000000 HAL_PCD_ISOINIncompleteCallback
     /tmp/ccFa8Eor.s:268    .text.HAL_PCD_ConnectCallback:0000000000000000 $t
     /tmp/ccFa8Eor.s:276    .text.HAL_PCD_ConnectCallback:0000000000000000 HAL_PCD_ConnectCallback
     /tmp/ccFa8Eor.s:284    .text.HAL_PCD_DisconnectCallback:0000000000000000 $t
     /tmp/ccFa8Eor.s:292    .text.HAL_PCD_DisconnectCallback:0000000000000000 HAL_PCD_DisconnectCallback
     /tmp/ccFa8Eor.s:300    .text.USBD_LL_Init:0000000000000000 $t
     /tmp/ccFa8Eor.s:308    .text.USBD_LL_Init:0000000000000000 USBD_LL_Init
     /tmp/ccFa8Eor.s:347    .text.USBD_LL_Init:0000000000000054 $d
     /tmp/ccFa8Eor.s:350    .text.USBD_LL_DeInit:0000000000000000 $t
     /tmp/ccFa8Eor.s:358    .text.USBD_LL_DeInit:0000000000000000 USBD_LL_DeInit
     /tmp/ccFa8Eor.s:368    .text.USBD_LL_Start:0000000000000000 $t
     /tmp/ccFa8Eor.s:376    .text.USBD_LL_Start:0000000000000000 USBD_LL_Start
     /tmp/ccFa8Eor.s:386    .text.USBD_LL_Stop:0000000000000000 $t
     /tmp/ccFa8Eor.s:394    .text.USBD_LL_Stop:0000000000000000 USBD_LL_Stop
     /tmp/ccFa8Eor.s:404    .text.USBD_LL_OpenEP:0000000000000000 $t
     /tmp/ccFa8Eor.s:412    .text.USBD_LL_OpenEP:0000000000000000 USBD_LL_OpenEP
     /tmp/ccFa8Eor.s:425    .text.USBD_LL_CloseEP:0000000000000000 $t
     /tmp/ccFa8Eor.s:433    .text.USBD_LL_CloseEP:0000000000000000 USBD_LL_CloseEP
     /tmp/ccFa8Eor.s:443    .text.USBD_LL_FlushEP:0000000000000000 $t
     /tmp/ccFa8Eor.s:451    .text.USBD_LL_FlushEP:0000000000000000 USBD_LL_FlushEP
     /tmp/ccFa8Eor.s:461    .text.USBD_LL_StallEP:0000000000000000 $t
     /tmp/ccFa8Eor.s:469    .text.USBD_LL_StallEP:0000000000000000 USBD_LL_StallEP
     /tmp/ccFa8Eor.s:479    .text.USBD_LL_ClearStallEP:0000000000000000 $t
     /tmp/ccFa8Eor.s:487    .text.USBD_LL_ClearStallEP:0000000000000000 USBD_LL_ClearStallEP
     /tmp/ccFa8Eor.s:497    .text.USBD_LL_IsStallEP:0000000000000000 $t
     /tmp/ccFa8Eor.s:505    .text.USBD_LL_IsStallEP:0000000000000000 USBD_LL_IsStallEP
     /tmp/ccFa8Eor.s:524    .text.USBD_LL_SetUSBAddress:0000000000000000 $t
     /tmp/ccFa8Eor.s:532    .text.USBD_LL_SetUSBAddress:0000000000000000 USBD_LL_SetUSBAddress
     /tmp/ccFa8Eor.s:542    .text.USBD_LL_Transmit:0000000000000000 $t
     /tmp/ccFa8Eor.s:550    .text.USBD_LL_Transmit:0000000000000000 USBD_LL_Transmit
     /tmp/ccFa8Eor.s:560    .text.USBD_LL_PrepareReceive:0000000000000000 $t
     /tmp/ccFa8Eor.s:568    .text.USBD_LL_PrepareReceive:0000000000000000 USBD_LL_PrepareReceive
ARM GAS  /tmp/ccFa8Eor.s 			page 12


     /tmp/ccFa8Eor.s:578    .text.USBD_LL_GetRxDataSize:0000000000000000 $t
     /tmp/ccFa8Eor.s:586    .text.USBD_LL_GetRxDataSize:0000000000000000 USBD_LL_GetRxDataSize
     /tmp/ccFa8Eor.s:594    .text.USBD_LL_Delay:0000000000000000 $t
     /tmp/ccFa8Eor.s:602    .text.USBD_LL_Delay:0000000000000000 USBD_LL_Delay
     /tmp/ccFa8Eor.s:614    .bss.hpcd:0000000000000000 hpcd
     /tmp/ccFa8Eor.s:610    .bss.hpcd:0000000000000000 $d

UNDEFINED SYMBOLS
HAL_GPIO_Init
HAL_NVIC_SetPriority
HAL_NVIC_EnableIRQ
USBD_LL_SetupStage
USBD_LL_DataOutStage
USBD_LL_DataInStage
USBD_LL_SOF
USBD_LL_Reset
USBD_LL_SetSpeed
USBD_LL_Suspend
USBD_LL_Resume
USBD_LL_IsoOUTIncomplete
USBD_LL_IsoINIncomplete
USBD_LL_DevConnected
USBD_LL_DevDisconnected
HAL_PCD_Init
HAL_PCDEx_SetRxFiFo
HAL_PCDEx_SetTxFiFo
HAL_PCD_DeInit
HAL_PCD_Start
HAL_PCD_Stop
HAL_PCD_EP_Open
HAL_PCD_EP_Close
HAL_PCD_EP_Flush
HAL_PCD_EP_SetStall
HAL_PCD_EP_ClrStall
HAL_PCD_SetAddress
HAL_PCD_EP_Transmit
HAL_PCD_EP_Receive
HAL_PCD_EP_GetRxCount
HAL_Delay
